Start auto log messages stack - Iteration 1.	[MsgId: MMSG-10545]
influxdb.c(7): web_get_int_property started  	[MsgId: MMSG-26355]
influxdb.c(7): web_get_int_property was successful  	[MsgId: MMSG-26392]
influxdb.c(8): web_get_int_property started  	[MsgId: MMSG-26355]
influxdb.c(8): web_get_int_property was successful  	[MsgId: MMSG-26392]
influxdb.c(9): web_get_int_property started  	[MsgId: MMSG-26355]
influxdb.c(9): web_get_int_property was successful  	[MsgId: MMSG-26392]
influxdb.c(11): web_get_int_property started  	[MsgId: MMSG-26355]
influxdb.c(11): web_get_int_property was successful  	[MsgId: MMSG-26392]
Close_task.c(125): web_custom_request("/api/ticket/{TaskID}/solve/") started  	[MsgId: MMSG-26355]
Close_task.c(125): Continuing after Error -26631: HTTP Status-Code=400 (Bad Request) for "http://learning2.pflb.ru:56902/api/ticket/150508/solve/"  	[MsgId: MERR-26631]
End auto log messages stack.	[MsgId: MMSG-10544]

Start auto log messages stack - Iteration 2.	[MsgId: MMSG-10545]
vuser_init.c(61): web_url("/api/ticket/countByState/") was successful, 220 body bytes, 316 header bytes, 11 chunking overhead bytes  	[MsgId: MMSG-26385]
vuser_init.c(71): web_custom_request("/api/ticket/?state=-1,0,1,5&page=0&size=10") started  	[MsgId: MMSG-26355]
vuser_init.c(71): web_custom_request("/api/ticket/?state=-1,0,1,5&page=0&size=10") was successful, 13488 body bytes, 316 header bytes, 21 chunking overhead bytes  	[MsgId: MMSG-26385]
vuser_init.c(83): Notify: Transaction "UC1_TR1_LOGIN" ended with a "Pass" status (Duration: 3.4233).	[MsgId: MMSG-16873]
vuser_init.c(85): lr_think_time: 1.00 seconds.	[MsgId: MMSG-15948]
Ending action vuser_init.	[MsgId: MMSG-15918]
Starting action Create_task.	[MsgId: MMSG-15919]
Create_task.c(12): Notify: Transaction "UC1_TR2_NEWINC" started.	[MsgId: MMSG-16999]
Create_task.c(14): web_url("/api/user/catalog/node/0/children/") started  	[MsgId: MMSG-26355]
Create_task.c(14): Continuing after Error -27778: Timeout (120 seconds) exceeded while waiting to receive data for URL "http://learning2.pflb.ru:56902/api/user/catalog/node/0/children/"  	[MsgId: MERR-27778]
End auto log messages stack.	[MsgId: MMSG-10544]

