Start auto log messages stack - Iteration 1.	[MsgId: MMSG-10545]
influxdb.c(7): web_get_int_property started  	[MsgId: MMSG-26355]
influxdb.c(7): web_get_int_property was successful  	[MsgId: MMSG-26392]
influxdb.c(8): web_get_int_property started  	[MsgId: MMSG-26355]
influxdb.c(8): web_get_int_property was successful  	[MsgId: MMSG-26392]
influxdb.c(9): web_get_int_property started  	[MsgId: MMSG-26355]
influxdb.c(9): web_get_int_property was successful  	[MsgId: MMSG-26392]
influxdb.c(11): web_get_int_property started  	[MsgId: MMSG-26355]
influxdb.c(11): web_get_int_property was successful  	[MsgId: MMSG-26392]
Close_task.c(125): web_custom_request("/api/ticket/{TaskID}/solve/") started  	[MsgId: MMSG-26355]
Close_task.c(125): Continuing after Error -26631: HTTP Status-Code=400 (Bad Request) for "http://learning2.pflb.ru:56902/api/ticket/150508/solve/"  	[MsgId: MERR-26631]
End auto log messages stack.	[MsgId: MMSG-10544]


Start auto log messages stack - Iteration 1.	[MsgId: MMSG-10545]
influxdb.c(7): web_get_int_property started  	[MsgId: MMSG-26355]
influxdb.c(7): web_get_int_property was successful  	[MsgId: MMSG-26392]
influxdb.c(8): web_get_int_property started  	[MsgId: MMSG-26355]
influxdb.c(8): web_get_int_property was successful  	[MsgId: MMSG-26392]
influxdb.c(9): web_get_int_property started  	[MsgId: MMSG-26355]
influxdb.c(9): web_get_int_property was successful  	[MsgId: MMSG-26392]
influxdb.c(11): web_get_int_property started  	[MsgId: MMSG-26355]
influxdb.c(11): web_get_int_property was successful  	[MsgId: MMSG-26392]
Create_task.c(202): web_custom_request("/api/ticket/") started  	[MsgId: MMSG-26355]
Create_task.c(202): Continuing after Error -26612: HTTP Status-Code=500 (Internal Server Error) for "http://learning2.pflb.ru:56902/api/ticket/"  	[MsgId: MERR-26612]
End auto log messages stack.	[MsgId: MMSG-10544]


Start auto log messages stack - Iteration 1.	[MsgId: MMSG-10545]
influxdb.c(7): web_get_int_property started  	[MsgId: MMSG-26355]
influxdb.c(7): web_get_int_property was successful  	[MsgId: MMSG-26392]
influxdb.c(8): web_get_int_property started  	[MsgId: MMSG-26355]
influxdb.c(8): web_get_int_property was successful  	[MsgId: MMSG-26392]
influxdb.c(9): web_get_int_property started  	[MsgId: MMSG-26355]
influxdb.c(9): web_get_int_property was successful  	[MsgId: MMSG-26392]
influxdb.c(11): web_get_int_property started  	[MsgId: MMSG-26355]
influxdb.c(11): web_get_int_property was successful  	[MsgId: MMSG-26392]
Close_task.c(125): web_custom_request("/api/ticket/{TaskID}/solve/") started  	[MsgId: MMSG-26355]
Close_task.c(125): Continuing after Error -26631: HTTP Status-Code=400 (Bad Request) for "http://learning2.pflb.ru:56902/api/ticket/150506/solve/"  	[MsgId: MERR-26631]
End auto log messages stack.	[MsgId: MMSG-10544]


Start auto log messages stack - Iteration 2.	[MsgId: MMSG-10545]
influxdb.c(45): web_get_int_property started  	[MsgId: MMSG-26355]
influxdb.c(45): web_get_int_property was successful  	[MsgId: MMSG-26392]
influxdb.c(49): web_get_int_property started  	[MsgId: MMSG-26355]
influxdb.c(49): web_get_int_property was successful  	[MsgId: MMSG-26392]
loadrunner,label=comment/,responseCode=200,success=true responseTime=152,bytes=450,sentBytes=448,URL="learning2.pflb.ru" 1575470428344470000	[MsgId: MMSG-17999]
influxdb.c(61): web_custom_request("DB_Request") started  	[MsgId: MMSG-26355]
influxdb.c(61): web_custom_request("DB_Request") was successful, 0 body bytes, 248 header bytes  	[MsgId: MMSG-26386]
Comment_task.c(116): web_url("/api/ticket/{TaskID}/comment/") started  	[MsgId: MMSG-26355]
Comment_task.c(116): Continuing after Error -27722: Step download timeout (120 seconds) has expired when downloading resource "http://learning2.pflb.ru:56902/api/ticket/150509/comment/"  	[MsgId: MERR-27722]
End auto log messages stack.	[MsgId: MMSG-10544]


Start auto log messages stack - Iteration 2.	[MsgId: MMSG-10545]
vuser_init.c(61): web_url("/api/ticket/countByState/") was successful, 220 body bytes, 316 header bytes, 11 chunking overhead bytes  	[MsgId: MMSG-26385]
vuser_init.c(71): web_custom_request("/api/ticket/?state=-1,0,1,5&page=0&size=10") started  	[MsgId: MMSG-26355]
vuser_init.c(71): web_custom_request("/api/ticket/?state=-1,0,1,5&page=0&size=10") was successful, 13488 body bytes, 316 header bytes, 21 chunking overhead bytes  	[MsgId: MMSG-26385]
vuser_init.c(83): Notify: Transaction "UC1_TR1_LOGIN" ended with a "Pass" status (Duration: 3.4233).	[MsgId: MMSG-16873]
vuser_init.c(85): lr_think_time: 1.00 seconds.	[MsgId: MMSG-15948]
Ending action vuser_init.	[MsgId: MMSG-15918]
Starting action Create_task.	[MsgId: MMSG-15919]
Create_task.c(12): Notify: Transaction "UC1_TR2_NEWINC" started.	[MsgId: MMSG-16999]
Create_task.c(14): web_url("/api/user/catalog/node/0/children/") started  	[MsgId: MMSG-26355]
Create_task.c(14): Continuing after Error -27778: Timeout (120 seconds) exceeded while waiting to receive data for URL "http://learning2.pflb.ru:56902/api/user/catalog/node/0/children/"  	[MsgId: MERR-27778]
End auto log messages stack.	[MsgId: MMSG-10544]


Start auto log messages stack - Iteration 2.	[MsgId: MMSG-10545]
vuser_init.c(3): Notify: Transaction "UC1_TR1_LOGIN" started.	[MsgId: MMSG-16999]
influxdb.c(7): web_get_int_property started  	[MsgId: MMSG-26355]
influxdb.c(7): web_get_int_property was successful  	[MsgId: MMSG-26392]
influxdb.c(8): web_get_int_property started  	[MsgId: MMSG-26355]
influxdb.c(8): web_get_int_property was successful  	[MsgId: MMSG-26392]
influxdb.c(9): web_get_int_property started  	[MsgId: MMSG-26355]
influxdb.c(9): web_get_int_property was successful  	[MsgId: MMSG-26392]
influxdb.c(11): web_get_int_property started  	[MsgId: MMSG-26355]
influxdb.c(11): web_get_int_property was successful  	[MsgId: MMSG-26392]
vuser_init.c(7): web_submit_data("/api/login") started  	[MsgId: MMSG-26355]
vuser_init.c(7): Continuing after Error -27722: Step download timeout (120 seconds) has expired when downloading resource "http://learning2.pflb.ru:56902/api/login"  	[MsgId: MERR-27722]
End auto log messages stack.	[MsgId: MMSG-10544]


Start auto log messages stack - Iteration 2.	[MsgId: MMSG-10545]
vuser_init.c(22): Found resource "http://learning2.pflb.ru:56902/js/core/polyphills.js" in HTML "http://learning2.pflb.ru:56902/"  	[MsgId: MMSG-26659]
vuser_init.c(22): Found resource "http://learning2.pflb.ru:56902/js/core/helpers.js" in HTML "http://learning2.pflb.ru:56902/"  	[MsgId: MMSG-26659]
vuser_init.c(22): Found resource "http://learning2.pflb.ru:56902/js/index.js" in HTML "http://learning2.pflb.ru:56902/"  	[MsgId: MMSG-26659]
vuser_init.c(22): Found resource "http://learning2.pflb.ru:56902/js/core/materialTable.js" in HTML "http://learning2.pflb.ru:56902/"  	[MsgId: MMSG-26659]
vuser_init.c(22): web_url("Homepage_2") was successful, 1043680 body bytes, 5403 header bytes  	[MsgId: MMSG-26386]
vuser_init.c(31): web_url("/api/checkLogin") started  	[MsgId: MMSG-26355]
vuser_init.c(31): Continuing after Error -26547: Authentication required, please use "web_set_user", e.g. web_set_user("domain\\user", "password", "host:port");  	[MsgId: MERR-26547]
vuser_init.c(31): Continuing after Error -26630: HTTP Status-Code=401 (Unauthorized) for "http://learning2.pflb.ru:56902/api/checkLogin"  	[MsgId: MERR-26630]
End auto log messages stack.	[MsgId: MMSG-10544]


Start auto log messages stack - Iteration 2.	[MsgId: MMSG-10545]
vuser_init.c(31): web_url("/api/checkLogin") highest severity level was "continue on error", 164 body bytes, 424 header bytes, 11 chunking overhead bytes  	[MsgId: MMSG-26387]
vuser_init.c(31): Continuing after error in Vuser script.	[MsgId: MMSG-10678]
vuser_init.c(41): web_url("/api/user/info") started  	[MsgId: MMSG-26355]
vuser_init.c(41): Continuing after Error -26547: Authentication required, please use "web_set_user", e.g. web_set_user("domain\\user", "password", "host:port");  	[MsgId: MERR-26547]
vuser_init.c(41): Continuing after Error -26630: HTTP Status-Code=401 (Unauthorized) for "http://learning2.pflb.ru:56902/api/user/info"  	[MsgId: MERR-26630]
End auto log messages stack.	[MsgId: MMSG-10544]


Start auto log messages stack - Iteration 2.	[MsgId: MMSG-10545]
vuser_init.c(41): web_url("/api/user/info") highest severity level was "continue on error", 163 body bytes, 348 header bytes, 11 chunking overhead bytes  	[MsgId: MMSG-26387]
vuser_init.c(41): Continuing after error in Vuser script.	[MsgId: MMSG-10678]
vuser_init.c(51): web_url("/api/ticket/countByState/4") started  	[MsgId: MMSG-26355]
vuser_init.c(51): Continuing after Error -26547: Authentication required, please use "web_set_user", e.g. web_set_user("domain\\user", "password", "host:port");  	[MsgId: MERR-26547]
vuser_init.c(51): Continuing after Error -26630: HTTP Status-Code=401 (Unauthorized) for "http://learning2.pflb.ru:56902/api/ticket/countByState/4"  	[MsgId: MERR-26630]
End auto log messages stack.	[MsgId: MMSG-10544]


Start auto log messages stack - Iteration 2.	[MsgId: MMSG-10545]
vuser_init.c(51): web_url("/api/ticket/countByState/4") highest severity level was "continue on error", 175 body bytes, 348 header bytes, 11 chunking overhead bytes  	[MsgId: MMSG-26387]
vuser_init.c(51): Continuing after error in Vuser script.	[MsgId: MMSG-10678]
vuser_init.c(61): web_url("/api/ticket/countByState/") started  	[MsgId: MMSG-26355]
vuser_init.c(61): Continuing after Error -26547: Authentication required, please use "web_set_user", e.g. web_set_user("domain\\user", "password", "host:port");  	[MsgId: MERR-26547]
vuser_init.c(61): Continuing after Error -26630: HTTP Status-Code=401 (Unauthorized) for "http://learning2.pflb.ru:56902/api/ticket/countByState/"  	[MsgId: MERR-26630]
End auto log messages stack.	[MsgId: MMSG-10544]


Start auto log messages stack - Iteration 2.	[MsgId: MMSG-10545]
vuser_init.c(61): web_url("/api/ticket/countByState/") highest severity level was "continue on error", 174 body bytes, 348 header bytes, 11 chunking overhead bytes  	[MsgId: MMSG-26387]
vuser_init.c(61): Continuing after error in Vuser script.	[MsgId: MMSG-10678]
vuser_init.c(71): web_custom_request("/api/ticket/?state=-1,0,1,5&page=0&size=10") started  	[MsgId: MMSG-26355]
vuser_init.c(71): Continuing after Error -26547: Authentication required, please use "web_set_user", e.g. web_set_user("domain\\user", "password", "host:port");  	[MsgId: MERR-26547]
vuser_init.c(71): Continuing after Error -26630: HTTP Status-Code=401 (Unauthorized) for "http://learning2.pflb.ru:56902/api/ticket/?state=-1,0,1,5&page=0&size=10"  	[MsgId: MERR-26630]
End auto log messages stack.	[MsgId: MMSG-10544]


Start auto log messages stack - Iteration 2.	[MsgId: MMSG-10545]
vuser_init.c(83): Notify: The 9th error message associated with transaction "UC1_TR1_LOGIN" is "Error -26630: HTTP Status-Code=401 (Unauthorized) for "http://learning2.pflb.ru:56902/api/ticket/countByState/""	[MsgId: MMSG-16819]
vuser_init.c(83): Notify: The 10th error message associated with transaction "UC1_TR1_LOGIN" is "Error -26547: Authentication required, please use "web_set_user", e.g. web_set_user("domain\\user", "password", "host:port");"	[MsgId: MMSG-16819]
vuser_init.c(83): Notify: The 11th error message associated with transaction "UC1_TR1_LOGIN" is "Error -26630: HTTP Status-Code=401 (Unauthorized) for "http://learning2.pflb.ru:56902/api/ticket/?state=-1,0,1,5&page=0&size=10""	[MsgId: MMSG-16819]
vuser_init.c(85): lr_think_time: 1.00 seconds.	[MsgId: MMSG-15948]
Ending action vuser_init.	[MsgId: MMSG-15918]
Starting action Create_task.	[MsgId: MMSG-15919]
Create_task.c(12): Notify: Transaction "UC1_TR2_NEWINC" started.	[MsgId: MMSG-16999]
Create_task.c(14): web_url("/api/user/catalog/node/0/children/") started  	[MsgId: MMSG-26355]
Create_task.c(14): Continuing after Error -26547: Authentication required, please use "web_set_user", e.g. web_set_user("domain\\user", "password", "host:port");  	[MsgId: MERR-26547]
Create_task.c(14): Continuing after Error -26630: HTTP Status-Code=401 (Unauthorized) for "http://learning2.pflb.ru:56902/api/user/catalog/node/0/children/"  	[MsgId: MERR-26630]
End auto log messages stack.	[MsgId: MMSG-10544]


Start auto log messages stack - Iteration 2.	[MsgId: MMSG-10545]
influxdb.c(8): web_get_int_property started  	[MsgId: MMSG-26355]
influxdb.c(8): web_get_int_property was successful  	[MsgId: MMSG-26392]
influxdb.c(9): web_get_int_property started  	[MsgId: MMSG-26355]
influxdb.c(9): web_get_int_property was successful  	[MsgId: MMSG-26392]
influxdb.c(11): web_get_int_property started  	[MsgId: MMSG-26355]
influxdb.c(11): web_get_int_property was successful  	[MsgId: MMSG-26392]
Create_task.c(32): web_reg_save_param_json started  	[MsgId: MMSG-26355]
Create_task.c(32): Registering web_reg_save_param_json was successful  	[MsgId: MMSG-26390]
Create_task.c(40): web_url("/api/shops?q=&page=0") started  	[MsgId: MMSG-26355]
Create_task.c(40): Continuing after Error -26547: Authentication required, please use "web_set_user", e.g. web_set_user("domain\\user", "password", "host:port");  	[MsgId: MERR-26547]
Create_task.c(40): Continuing after Error -26630: HTTP Status-Code=401 (Unauthorized) for "http://learning2.pflb.ru:56902/api/shops?q=&page=0"  	[MsgId: MERR-26630]
Create_task.c(40): Continuing after Error -35060: No matches were found for the specified query: "$..id"  	[MsgId: MERR-35060]
End auto log messages stack.	[MsgId: MMSG-10544]


Start auto log messages stack - Iteration 2.	[MsgId: MMSG-10545]
influxdb.c(45): web_get_int_property started  	[MsgId: MMSG-26355]
influxdb.c(45): web_get_int_property was successful  	[MsgId: MMSG-26392]
influxdb.c(49): web_get_int_property started  	[MsgId: MMSG-26355]
influxdb.c(49): web_get_int_property was successful  	[MsgId: MMSG-26392]
loadrunner,label=/api/shops?qpage0,responseCode=401,success=false responseTime=49,bytes=518,sentBytes=311,URL="learning2.pflb.ru" 1575470585028348000	[MsgId: MMSG-17999]
influxdb.c(61): web_custom_request("DB_Request") started  	[MsgId: MMSG-26355]
influxdb.c(61): web_custom_request("DB_Request") was successful, 0 body bytes, 248 header bytes  	[MsgId: MMSG-26386]
Create_task.c(52): web_url("/api/user/catalog/node/0/children/") started  	[MsgId: MMSG-26355]
Create_task.c(52): Continuing after Error -26547: Authentication required, please use "web_set_user", e.g. web_set_user("domain\\user", "password", "host:port");  	[MsgId: MERR-26547]
Create_task.c(52): Continuing after Error -26630: HTTP Status-Code=401 (Unauthorized) for "http://learning2.pflb.ru:56902/api/user/catalog/node/0/children/"  	[MsgId: MERR-26630]
End auto log messages stack.	[MsgId: MMSG-10544]


Start auto log messages stack - Iteration 2.	[MsgId: MMSG-10545]
influxdb.c(9): web_get_int_property was successful  	[MsgId: MMSG-26392]
influxdb.c(11): web_get_int_property started  	[MsgId: MMSG-26355]
influxdb.c(11): web_get_int_property was successful  	[MsgId: MMSG-26392]
Create_task.c(66): web_reg_save_param_json started  	[MsgId: MMSG-26355]
Create_task.c(66): Registering web_reg_save_param_json was successful  	[MsgId: MMSG-26390]
Create_task.c(74): web_reg_save_param_json started  	[MsgId: MMSG-26355]
Create_task.c(74): Registering web_reg_save_param_json was successful  	[MsgId: MMSG-26390]
Create_task.c(82): web_url("/api/user/catalog/treeview?shopid={shopid}") started  	[MsgId: MMSG-26355]
Create_task.c(82): Continuing after Error -26547: Authentication required, please use "web_set_user", e.g. web_set_user("domain\\user", "password", "host:port");  	[MsgId: MERR-26547]
Create_task.c(82): Continuing after Error -26630: HTTP Status-Code=401 (Unauthorized) for "http://learning2.pflb.ru:56902/api/user/catalog/treeview?shopid=5"  	[MsgId: MERR-26630]
Create_task.c(82): Continuing after Error -35060: No matches were found for the specified query: "$..services..id"  	[MsgId: MERR-35060]
Create_task.c(82): Continuing after Error -35060: No matches were found for the specified query: "$..services..name"  	[MsgId: MERR-35060]
End auto log messages stack.	[MsgId: MMSG-10544]


Start auto log messages stack - Iteration 2.	[MsgId: MMSG-10545]
Create_task.c(94): Notify: The 2nd error message associated with transaction "UC1_TR3_LOCATION" is "Error -26630: HTTP Status-Code=401 (Unauthorized) for "http://learning2.pflb.ru:56902/api/shops?q=&page=0""	[MsgId: MMSG-16819]
Create_task.c(94): Notify: The 3rd error message associated with transaction "UC1_TR3_LOCATION" is "Error -26547: Authentication required, please use "web_set_user", e.g. web_set_user("domain\\user", "password", "host:port");"	[MsgId: MMSG-16819]
Create_task.c(94): Notify: The 4th error message associated with transaction "UC1_TR3_LOCATION" is "Error -26630: HTTP Status-Code=401 (Unauthorized) for "http://learning2.pflb.ru:56902/api/user/catalog/node/0/children/""	[MsgId: MMSG-16819]
Create_task.c(94): Notify: The 5th error message associated with transaction "UC1_TR3_LOCATION" is "Error -26547: Authentication required, please use "web_set_user", e.g. web_set_user("domain\\user", "password", "host:port");"	[MsgId: MMSG-16819]
Create_task.c(94): Notify: The 6th error message associated with transaction "UC1_TR3_LOCATION" is "Error -26630: HTTP Status-Code=401 (Unauthorized) for "http://learning2.pflb.ru:56902/api/user/catalog/treeview?shopid=5""	[MsgId: MMSG-16819]
Create_task.c(96): Error: C interpreter run time error: Create_task.c (96):  Error -- Arithmetic Error : Exception INT_DIVIDE_BY_ZERO received.	[MsgId: MERR-19890]
End auto log messages stack.	[MsgId: MMSG-10544]


Start auto log messages stack - Iteration 2.	[MsgId: MMSG-10545]
Start auto log messages stack - Iteration 2.	[MsgId: MMSG-10545]
influxdb.c(7): web_get_int_property started  	[MsgId: MMSG-26355]
influxdb.c(7): web_get_int_property started  	[MsgId: MMSG-26355]
influxdb.c(7): web_get_int_property was successful  	[MsgId: MMSG-26392]
influxdb.c(7): web_get_int_property was successful  	[MsgId: MMSG-26392]
influxdb.c(8): web_get_int_property started  	[MsgId: MMSG-26355]
influxdb.c(8): web_get_int_property started  	[MsgId: MMSG-26355]
influxdb.c(8): web_get_int_property was successful  	[MsgId: MMSG-26392]
influxdb.c(8): web_get_int_property was successful  	[MsgId: MMSG-26392]
influxdb.c(9): web_get_int_property started  	[MsgId: MMSG-26355]
influxdb.c(9): web_get_int_property started  	[MsgId: MMSG-26355]
influxdb.c(9): web_get_int_property was successful  	[MsgId: MMSG-26392]
influxdb.c(9): web_get_int_property was successful  	[MsgId: MMSG-26392]
influxdb.c(11): web_get_int_property started  	[MsgId: MMSG-26355]
influxdb.c(11): web_get_int_property started  	[MsgId: MMSG-26355]
influxdb.c(11): web_get_int_property was successful  	[MsgId: MMSG-26392]
influxdb.c(11): web_get_int_property was successful  	[MsgId: MMSG-26392]
Create_task.c(202): web_custom_request("/api/ticket/") started  	[MsgId: MMSG-26355]
Create_task.c(202): web_custom_request("/api/ticket/") started  	[MsgId: MMSG-26355]
Create_task.c(202): Continuing after Error -26612: HTTP Status-Code=500 (Internal Server Error) for "http://learning2.pflb.ru:56902/api/ticket/"  	[MsgId: MERR-26612]
Create_task.c(202): Continuing after Error -26612: HTTP Status-Code=500 (Internal Server Error) for "http://learning2.pflb.ru:56902/api/ticket/"  	[MsgId: MERR-26612]
End auto log messages stack.	[MsgId: MMSG-10544]
End auto log messages stack.	[MsgId: MMSG-10544]




Start auto log messages stack - Iteration 2.	[MsgId: MMSG-10545]
influxdb.c(7): web_get_int_property started  	[MsgId: MMSG-26355]
influxdb.c(7): web_get_int_property was successful  	[MsgId: MMSG-26392]
influxdb.c(8): web_get_int_property started  	[MsgId: MMSG-26355]
influxdb.c(8): web_get_int_property was successful  	[MsgId: MMSG-26392]
influxdb.c(9): web_get_int_property started  	[MsgId: MMSG-26355]
influxdb.c(9): web_get_int_property was successful  	[MsgId: MMSG-26392]
influxdb.c(11): web_get_int_property started  	[MsgId: MMSG-26355]
influxdb.c(11): web_get_int_property was successful  	[MsgId: MMSG-26392]
Close_task.c(125): web_custom_request("/api/ticket/{TaskID}/solve/") started  	[MsgId: MMSG-26355]
Close_task.c(125): Continuing after Error -26631: HTTP Status-Code=400 (Bad Request) for "http://learning2.pflb.ru:56902/api/ticket/150528/solve/"  	[MsgId: MERR-26631]
End auto log messages stack.	[MsgId: MMSG-10544]


Start auto log messages stack - Iteration 2.	[MsgId: MMSG-10545]
influxdb.c(7): web_get_int_property started  	[MsgId: MMSG-26355]
influxdb.c(7): web_get_int_property was successful  	[MsgId: MMSG-26392]
influxdb.c(8): web_get_int_property started  	[MsgId: MMSG-26355]
influxdb.c(8): web_get_int_property was successful  	[MsgId: MMSG-26392]
influxdb.c(9): web_get_int_property started  	[MsgId: MMSG-26355]
influxdb.c(9): web_get_int_property was successful  	[MsgId: MMSG-26392]
influxdb.c(11): web_get_int_property started  	[MsgId: MMSG-26355]
influxdb.c(11): web_get_int_property was successful  	[MsgId: MMSG-26392]
Close_task.c(125): web_custom_request("/api/ticket/{TaskID}/solve/") started  	[MsgId: MMSG-26355]
Close_task.c(125): Continuing after Error -26631: HTTP Status-Code=400 (Bad Request) for "http://learning2.pflb.ru:56902/api/ticket/150528/solve/"  	[MsgId: MERR-26631]
End auto log messages stack.	[MsgId: MMSG-10544]


