Start auto log messages stack - Iteration 1.	[MsgId: MMSG-10545]
influxdb.c(44): web_get_int_property started  	[MsgId: MMSG-26355]
influxdb.c(44): web_get_int_property was successful  	[MsgId: MMSG-26392]
influxdb.c(45): web_get_int_property started  	[MsgId: MMSG-26355]
influxdb.c(45): web_get_int_property was successful  	[MsgId: MMSG-26392]
influxdb.c(49): web_get_int_property started  	[MsgId: MMSG-26355]
influxdb.c(49): web_get_int_property was successful  	[MsgId: MMSG-26392]
loadrunner,label=/api/shops?q=&page=0,responseCode=200,success=true responseTime=46,bytes=1343,sentBytes=311,URL="learning2.pflb.ru" 1575467503387635000	[MsgId: MMSG-17999]
influxdb.c(61): web_custom_request("DB_Request") started  	[MsgId: MMSG-26355]
influxdb.c(61): Continuing after Error -26631: HTTP Status-Code=400 (Bad Request) for "http://localhost:8086/write?db=inflxdb"  	[MsgId: MERR-26631]
End auto log messages stack.	[MsgId: MMSG-10544]


Start auto log messages stack - Iteration 1.	[MsgId: MMSG-10545]
influxdb.c(44): web_get_int_property started  	[MsgId: MMSG-26355]
influxdb.c(44): web_get_int_property was successful  	[MsgId: MMSG-26392]
influxdb.c(45): web_get_int_property started  	[MsgId: MMSG-26355]
influxdb.c(45): web_get_int_property was successful  	[MsgId: MMSG-26392]
influxdb.c(49): web_get_int_property started  	[MsgId: MMSG-26355]
influxdb.c(49): web_get_int_property was successful  	[MsgId: MMSG-26392]
loadrunner,label=/api/user/catalog/treeview?shopid={shopid},responseCode=200,success=true responseTime=268,bytes=76059,sentBytes=326,URL="learning2.pflb.ru" 1575467503706669000	[MsgId: MMSG-17999]
influxdb.c(61): web_custom_request("DB_Request") started  	[MsgId: MMSG-26355]
influxdb.c(61): Continuing after Error -26631: HTTP Status-Code=400 (Bad Request) for "http://localhost:8086/write?db=inflxdb"  	[MsgId: MERR-26631]
End auto log messages stack.	[MsgId: MMSG-10544]


Start auto log messages stack - Iteration 1.	[MsgId: MMSG-10545]
influxdb.c(44): web_get_int_property started  	[MsgId: MMSG-26355]
influxdb.c(44): web_get_int_property was successful  	[MsgId: MMSG-26392]
influxdb.c(45): web_get_int_property started  	[MsgId: MMSG-26355]
influxdb.c(45): web_get_int_property was successful  	[MsgId: MMSG-26392]
influxdb.c(49): web_get_int_property started  	[MsgId: MMSG-26355]
influxdb.c(49): web_get_int_property was successful  	[MsgId: MMSG-26392]
loadrunner,label=/api/inventoryNumbers?serviceId={serviceID}&shopId={shopid},responseCode=200,success=true responseTime=58,bytes=562,sentBytes=336,URL="learning2.pflb.ru" 1575467503909412000	[MsgId: MMSG-17999]
influxdb.c(61): web_custom_request("DB_Request") started  	[MsgId: MMSG-26355]
influxdb.c(61): Continuing after Error -26631: HTTP Status-Code=400 (Bad Request) for "http://localhost:8086/write?db=inflxdb"  	[MsgId: MERR-26631]
End auto log messages stack.	[MsgId: MMSG-10544]


Start auto log messages stack - Iteration 1.	[MsgId: MMSG-10545]
influxdb.c(44): web_get_int_property started  	[MsgId: MMSG-26355]
influxdb.c(44): web_get_int_property was successful  	[MsgId: MMSG-26392]
influxdb.c(45): web_get_int_property started  	[MsgId: MMSG-26355]
influxdb.c(45): web_get_int_property was successful  	[MsgId: MMSG-26392]
influxdb.c(49): web_get_int_property started  	[MsgId: MMSG-26355]
influxdb.c(49): web_get_int_property was successful  	[MsgId: MMSG-26392]
loadrunner,label=/api/shops?q=&page=0,responseCode=200,success=true responseTime=49,bytes=1343,sentBytes=311,URL="learning2.pflb.ru" 1575467505672669000	[MsgId: MMSG-17999]
influxdb.c(61): web_custom_request("DB_Request") started  	[MsgId: MMSG-26355]
influxdb.c(61): Continuing after Error -26631: HTTP Status-Code=400 (Bad Request) for "http://localhost:8086/write?db=inflxdb"  	[MsgId: MERR-26631]
End auto log messages stack.	[MsgId: MMSG-10544]


Start auto log messages stack - Iteration 1.	[MsgId: MMSG-10545]
influxdb.c(44): web_get_int_property started  	[MsgId: MMSG-26355]
influxdb.c(44): web_get_int_property was successful  	[MsgId: MMSG-26392]
influxdb.c(45): web_get_int_property started  	[MsgId: MMSG-26355]
influxdb.c(45): web_get_int_property was successful  	[MsgId: MMSG-26392]
influxdb.c(49): web_get_int_property started  	[MsgId: MMSG-26355]
influxdb.c(49): web_get_int_property was successful  	[MsgId: MMSG-26392]
loadrunner,label=/api/user/catalog/treeview?shopid={shopid},responseCode=200,success=true responseTime=202,bytes=76059,sentBytes=326,URL="learning2.pflb.ru" 1575467505923788000	[MsgId: MMSG-17999]
influxdb.c(61): web_custom_request("DB_Request") started  	[MsgId: MMSG-26355]
influxdb.c(61): Continuing after Error -26631: HTTP Status-Code=400 (Bad Request) for "http://localhost:8086/write?db=inflxdb"  	[MsgId: MERR-26631]
End auto log messages stack.	[MsgId: MMSG-10544]


Start auto log messages stack - Iteration 1.	[MsgId: MMSG-10545]
influxdb.c(44): web_get_int_property started  	[MsgId: MMSG-26355]
influxdb.c(44): web_get_int_property was successful  	[MsgId: MMSG-26392]
influxdb.c(45): web_get_int_property started  	[MsgId: MMSG-26355]
influxdb.c(45): web_get_int_property was successful  	[MsgId: MMSG-26392]
influxdb.c(49): web_get_int_property started  	[MsgId: MMSG-26355]
influxdb.c(49): web_get_int_property was successful  	[MsgId: MMSG-26392]
loadrunner,label=/api/inventoryNumbers?serviceId={serviceID}&shopId={shopid},responseCode=200,success=true responseTime=31,bytes=441,sentBytes=336,URL="learning2.pflb.ru" 1575467506101577000	[MsgId: MMSG-17999]
influxdb.c(61): web_custom_request("DB_Request") started  	[MsgId: MMSG-26355]
influxdb.c(61): Continuing after Error -26631: HTTP Status-Code=400 (Bad Request) for "http://localhost:8086/write?db=inflxdb"  	[MsgId: MERR-26631]
End auto log messages stack.	[MsgId: MMSG-10544]


Start auto log messages stack - Iteration 1.	[MsgId: MMSG-10545]
influxdb.c(44): web_get_int_property started  	[MsgId: MMSG-26355]
influxdb.c(44): web_get_int_property was successful  	[MsgId: MMSG-26392]
influxdb.c(45): web_get_int_property started  	[MsgId: MMSG-26355]
influxdb.c(45): web_get_int_property was successful  	[MsgId: MMSG-26392]
influxdb.c(49): web_get_int_property started  	[MsgId: MMSG-26355]
influxdb.c(49): web_get_int_property was successful  	[MsgId: MMSG-26392]
loadrunner,label=/api/task/?state=1&page=0&size=10,responseCode=200,success=true responseTime=716,bytes=15306,sentBytes=371,URL="learning2.pflb.ru" 1575467508617124000	[MsgId: MMSG-17999]
influxdb.c(61): web_custom_request("DB_Request") started  	[MsgId: MMSG-26355]
influxdb.c(61): Continuing after Error -26631: HTTP Status-Code=400 (Bad Request) for "http://localhost:8086/write?db=inflxdb"  	[MsgId: MERR-26631]
End auto log messages stack.	[MsgId: MMSG-10544]


Start auto log messages stack - Iteration 1.	[MsgId: MMSG-10545]
influxdb.c(44): web_get_int_property started  	[MsgId: MMSG-26355]
influxdb.c(44): web_get_int_property was successful  	[MsgId: MMSG-26392]
influxdb.c(45): web_get_int_property started  	[MsgId: MMSG-26355]
influxdb.c(45): web_get_int_property was successful  	[MsgId: MMSG-26392]
influxdb.c(49): web_get_int_property started  	[MsgId: MMSG-26355]
influxdb.c(49): web_get_int_property was successful  	[MsgId: MMSG-26392]
loadrunner,label=/api/task/?state=1&page=0&size=10,responseCode=200,success=true responseTime=690,bytes=15306,sentBytes=371,URL="learning2.pflb.ru" 1575467512948266000	[MsgId: MMSG-17999]
influxdb.c(61): web_custom_request("DB_Request") started  	[MsgId: MMSG-26355]
influxdb.c(61): Continuing after Error -26631: HTTP Status-Code=400 (Bad Request) for "http://localhost:8086/write?db=inflxdb"  	[MsgId: MERR-26631]
End auto log messages stack.	[MsgId: MMSG-10544]


Start auto log messages stack - Iteration 1.	[MsgId: MMSG-10545]
influxdb.c(44): web_get_int_property started  	[MsgId: MMSG-26355]
influxdb.c(44): web_get_int_property was successful  	[MsgId: MMSG-26392]
influxdb.c(45): web_get_int_property started  	[MsgId: MMSG-26355]
influxdb.c(45): web_get_int_property was successful  	[MsgId: MMSG-26392]
influxdb.c(49): web_get_int_property started  	[MsgId: MMSG-26355]
influxdb.c(49): web_get_int_property was successful  	[MsgId: MMSG-26392]
loadrunner,label=/api/task/?state=1&page=0&size=10,responseCode=200,success=true responseTime=1487,bytes=15306,sentBytes=371,URL="learning2.pflb.ru" 1575467517690601000	[MsgId: MMSG-17999]
influxdb.c(61): web_custom_request("DB_Request") started  	[MsgId: MMSG-26355]
influxdb.c(61): Continuing after Error -26631: HTTP Status-Code=400 (Bad Request) for "http://localhost:8086/write?db=inflxdb"  	[MsgId: MERR-26631]
End auto log messages stack.	[MsgId: MMSG-10544]


Start auto log messages stack - Iteration 1.	[MsgId: MMSG-10545]
influxdb.c(44): web_get_int_property started  	[MsgId: MMSG-26355]
influxdb.c(44): web_get_int_property was successful  	[MsgId: MMSG-26392]
influxdb.c(45): web_get_int_property started  	[MsgId: MMSG-26355]
influxdb.c(45): web_get_int_property was successful  	[MsgId: MMSG-26392]
influxdb.c(49): web_get_int_property started  	[MsgId: MMSG-26355]
influxdb.c(49): web_get_int_property was successful  	[MsgId: MMSG-26392]
loadrunner,label=/api/task/?state=1&page=0&size=10,responseCode=200,success=true responseTime=692,bytes=15320,sentBytes=371,URL="learning2.pflb.ru" 1575467522096713000	[MsgId: MMSG-17999]
influxdb.c(61): web_custom_request("DB_Request") started  	[MsgId: MMSG-26355]
influxdb.c(61): Continuing after Error -26631: HTTP Status-Code=400 (Bad Request) for "http://localhost:8086/write?db=inflxdb"  	[MsgId: MERR-26631]
End auto log messages stack.	[MsgId: MMSG-10544]


Start auto log messages stack - Iteration 1.	[MsgId: MMSG-10545]
influxdb.c(44): web_get_int_property started  	[MsgId: MMSG-26355]
influxdb.c(44): web_get_int_property was successful  	[MsgId: MMSG-26392]
influxdb.c(45): web_get_int_property started  	[MsgId: MMSG-26355]
influxdb.c(45): web_get_int_property was successful  	[MsgId: MMSG-26392]
influxdb.c(49): web_get_int_property started  	[MsgId: MMSG-26355]
influxdb.c(49): web_get_int_property was successful  	[MsgId: MMSG-26392]
loadrunner,label=/api/task/?state=1&page=0&size=10,responseCode=200,success=true responseTime=667,bytes=15734,sentBytes=371,URL="learning2.pflb.ru" 1575467527180725000	[MsgId: MMSG-17999]
influxdb.c(61): web_custom_request("DB_Request") started  	[MsgId: MMSG-26355]
influxdb.c(61): Continuing after Error -26631: HTTP Status-Code=400 (Bad Request) for "http://localhost:8086/write?db=inflxdb"  	[MsgId: MERR-26631]
End auto log messages stack.	[MsgId: MMSG-10544]


