Web Turbo Replay of LoadRunner 12.60.0 for Windows 10; build 971 (авг 09 2018 11:27:13)  	[MsgId: MMSG-26983]
Run mode: HTML  	[MsgId: MMSG-26993]
Replay user agent: Mozilla/5.0 (compatible; MSIE 10.0; Windows NT 6.1; Trident/6.0)  	[MsgId: MMSG-26988]
Runtime Settings file: "C:\Users\student\Desktop\Новая папка (2)\Andreev123\pc\togit\XDESK\XDESK_Script\UC_XDESK\\default.cfg"  	[MsgId: MMSG-27141]
Virtual User Script started at: 04.12.2019 17:30:42
Running Vuser...
Starting iteration 1.
Maximum number of concurrent connections per server: 6  	[MsgId: MMSG-26989]
Starting action vuser_init.
vuser_init.c(3): Notify: Transaction "UC1_TR1_LOGIN" started.
influxdb.c(7): web_get_int_property started  	[MsgId: MMSG-26355]
influxdb.c(7): web_get_int_property was successful  	[MsgId: MMSG-26392]
influxdb.c(8): web_get_int_property started  	[MsgId: MMSG-26355]
influxdb.c(8): web_get_int_property was successful  	[MsgId: MMSG-26392]
influxdb.c(9): web_get_int_property started  	[MsgId: MMSG-26355]
influxdb.c(9): web_get_int_property was successful  	[MsgId: MMSG-26392]
influxdb.c(11): web_get_int_property started  	[MsgId: MMSG-26355]
influxdb.c(11): web_get_int_property was successful  	[MsgId: MMSG-26392]
vuser_init.c(7): web_submit_data("/api/login") started  	[MsgId: MMSG-26355]
vuser_init.c(7): web_submit_data("/api/login") was successful, 146 body bytes, 339 header bytes  	[MsgId: MMSG-26386]
influxdb.c(31): web_get_int_property started  	[MsgId: MMSG-26355]
influxdb.c(31): web_get_int_property was successful  	[MsgId: MMSG-26392]
influxdb.c(44): web_get_int_property started  	[MsgId: MMSG-26355]
influxdb.c(44): web_get_int_property was successful  	[MsgId: MMSG-26392]
influxdb.c(45): web_get_int_property started  	[MsgId: MMSG-26355]
influxdb.c(45): web_get_int_property was successful  	[MsgId: MMSG-26392]
influxdb.c(49): web_get_int_property started  	[MsgId: MMSG-26355]
influxdb.c(49): web_get_int_property was successful  	[MsgId: MMSG-26392]
loadrunner,label=/api/login,responseCode=200,success=true responseTime=177,bytes=485,sentBytes=389,URL="learning2.pflb.ru" 1575469842941824000
influxdb.c(61): web_custom_request("DB_Request") started  	[MsgId: MMSG-26355]
influxdb.c(61): web_custom_request("DB_Request") was successful, 0 body bytes, 248 header bytes  	[MsgId: MMSG-26386]
vuser_init.c(22): web_url("Homepage_2") started  	[MsgId: MMSG-26355]
vuser_init.c(22): Found resource "http://learning2.pflb.ru:56902/css/core/material_icons.css" in HTML "http://learning2.pflb.ru:56902/"  	[MsgId: MMSG-26659]
vuser_init.c(22): Found resource "http://learning2.pflb.ru:56902/css/core/materialize.min.css" in HTML "http://learning2.pflb.ru:56902/"  	[MsgId: MMSG-26659]
vuser_init.c(22): Found resource "http://learning2.pflb.ru:56902/css/core/uploadfile.css" in HTML "http://learning2.pflb.ru:56902/"  	[MsgId: MMSG-26659]
vuser_init.c(22): Found resource "http://learning2.pflb.ru:56902/css/core/quill.snow.css" in HTML "http://learning2.pflb.ru:56902/"  	[MsgId: MMSG-26659]
vuser_init.c(22): Found resource "http://learning2.pflb.ru:56902/css/core/select2.min.css" in HTML "http://learning2.pflb.ru:56902/"  	[MsgId: MMSG-26659]
vuser_init.c(22): Found resource "http://learning2.pflb.ru:56902/css/core/ee-file-upload.css" in HTML "http://learning2.pflb.ru:56902/"  	[MsgId: MMSG-26659]
vuser_init.c(22): Found resource "http://learning2.pflb.ru:56902/css/style.css" in HTML "http://learning2.pflb.ru:56902/"  	[MsgId: MMSG-26659]
vuser_init.c(22): Found resource "http://learning2.pflb.ru:56902/css/company_2.css" in HTML "http://learning2.pflb.ru:56902/"  	[MsgId: MMSG-26659]
vuser_init.c(22): Found resource "http://learning2.pflb.ru:56902/js/core/legacy.js" in HTML "http://learning2.pflb.ru:56902/"  	[MsgId: MMSG-26659]
vuser_init.c(22): Found resource "http://learning2.pflb.ru:56902/js/core/jquery-3.1.1.js" in HTML "http://learning2.pflb.ru:56902/"  	[MsgId: MMSG-26659]
vuser_init.c(22): Found resource "http://learning2.pflb.ru:56902/js/core/clamp.js" in HTML "http://learning2.pflb.ru:56902/"  	[MsgId: MMSG-26659]
vuser_init.c(22): Found resource "http://learning2.pflb.ru:56902/js/core/jquery.cookie.js" in HTML "http://learning2.pflb.ru:56902/"  	[MsgId: MMSG-26659]
vuser_init.c(22): Found resource "http://learning2.pflb.ru:56902/js/core/jquery.uploadfile.js" in HTML "http://learning2.pflb.ru:56902/"  	[MsgId: MMSG-26659]
vuser_init.c(22): Found resource "http://learning2.pflb.ru:56902/js/core/jquery.maskedinput.js" in HTML "http://learning2.pflb.ru:56902/"  	[MsgId: MMSG-26659]
vuser_init.c(22): Found resource "http://learning2.pflb.ru:56902/js/core/jquery.ee.router.js" in HTML "http://learning2.pflb.ru:56902/"  	[MsgId: MMSG-26659]
vuser_init.c(22): Found resource "http://learning2.pflb.ru:56902/js/core/select2.full.min.js" in HTML "http://learning2.pflb.ru:56902/"  	[MsgId: MMSG-26659]
vuser_init.c(22): Found resource "http://learning2.pflb.ru:56902/js/core/readmore.min.js" in HTML "http://learning2.pflb.ru:56902/"  	[MsgId: MMSG-26659]
vuser_init.c(22): Found resource "http://learning2.pflb.ru:56902/js/core/dust.js" in HTML "http://learning2.pflb.ru:56902/"  	[MsgId: MMSG-26659]
vuser_init.c(22): Found resource "http://learning2.pflb.ru:56902/js/core/dust-helpers.js" in HTML "http://learning2.pflb.ru:56902/"  	[MsgId: MMSG-26659]
vuser_init.c(22): Found resource "http://learning2.pflb.ru:56902/js/core/custom-helpers.js" in HTML "http://learning2.pflb.ru:56902/"  	[MsgId: MMSG-26659]
vuser_init.c(22): Found resource "http://learning2.pflb.ru:56902/js/core/materialize.min.js" in HTML "http://learning2.pflb.ru:56902/"  	[MsgId: MMSG-26659]
vuser_init.c(22): Found resource "http://learning2.pflb.ru:56902/js/core/materialize-select.js" in HTML "http://learning2.pflb.ru:56902/"  	[MsgId: MMSG-26659]
vuser_init.c(22): Found resource "http://learning2.pflb.ru:56902/js/core/materialize-pagination.js" in HTML "http://learning2.pflb.ru:56902/"  	[MsgId: MMSG-26659]
vuser_init.c(22): Found resource "http://learning2.pflb.ru:56902/js/core/polyphills.js" in HTML "http://learning2.pflb.ru:56902/"  	[MsgId: MMSG-26659]
vuser_init.c(22): Found resource "http://learning2.pflb.ru:56902/js/core/helpers.js" in HTML "http://learning2.pflb.ru:56902/"  	[MsgId: MMSG-26659]
vuser_init.c(22): Found resource "http://learning2.pflb.ru:56902/js/index.js" in HTML "http://learning2.pflb.ru:56902/"  	[MsgId: MMSG-26659]
vuser_init.c(22): Found resource "http://learning2.pflb.ru:56902/js/core/materialTable.js" in HTML "http://learning2.pflb.ru:56902/"  	[MsgId: MMSG-26659]
vuser_init.c(22): web_url("Homepage_2") was successful, 1043680 body bytes, 5403 header bytes  	[MsgId: MMSG-26386]
vuser_init.c(31): web_url("/api/checkLogin") started  	[MsgId: MMSG-26355]
vuser_init.c(31): web_url("/api/checkLogin") was successful, 92 body bytes, 316 header bytes, 11 chunking overhead bytes  	[MsgId: MMSG-26385]
vuser_init.c(41): web_url("/api/user/info") started  	[MsgId: MMSG-26355]
vuser_init.c(41): web_url("/api/user/info") was successful, 277 body bytes, 316 header bytes, 12 chunking overhead bytes  	[MsgId: MMSG-26385]
vuser_init.c(51): web_url("/api/ticket/countByState/4") started  	[MsgId: MMSG-26355]
vuser_init.c(51): web_url("/api/ticket/countByState/4") was successful, 52 body bytes, 316 header bytes, 11 chunking overhead bytes  	[MsgId: MMSG-26385]
vuser_init.c(61): web_url("/api/ticket/countByState/") started  	[MsgId: MMSG-26355]
vuser_init.c(61): web_url("/api/ticket/countByState/") was successful, 220 body bytes, 316 header bytes, 11 chunking overhead bytes  	[MsgId: MMSG-26385]
vuser_init.c(71): web_custom_request("/api/ticket/?state=-1,0,1,5&page=0&size=10") started  	[MsgId: MMSG-26355]
vuser_init.c(71): web_custom_request("/api/ticket/?state=-1,0,1,5&page=0&size=10") was successful, 10432 body bytes, 316 header bytes, 20 chunking overhead bytes  	[MsgId: MMSG-26385]
vuser_init.c(83): Notify: Transaction "UC1_TR1_LOGIN" ended with a "Pass" status (Duration: 4.1647 Wasted Time: 0.3260).
Ending action vuser_init.
Starting action Create_task.
Create_task.c(12): Notify: Transaction "UC1_TR2_NEWINC" started.
Create_task.c(14): web_url("/api/user/catalog/node/0/children/") started  	[MsgId: MMSG-26355]
Create_task.c(14): web_url("/api/user/catalog/node/0/children/") was successful, 907 body bytes, 316 header bytes, 12 chunking overhead bytes  	[MsgId: MMSG-26385]
Create_task.c(24): Notify: Transaction "UC1_TR2_NEWINC" ended with a "Pass" status (Duration: 0.1329 Wasted Time: 0.0192).
Create_task.c(28): Notify: Transaction "UC1_TR3_LOCATION" started.
influxdb.c(7): web_get_int_property started  	[MsgId: MMSG-26355]
influxdb.c(7): web_get_int_property was successful  	[MsgId: MMSG-26392]
influxdb.c(8): web_get_int_property started  	[MsgId: MMSG-26355]
influxdb.c(8): web_get_int_property was successful  	[MsgId: MMSG-26392]
influxdb.c(9): web_get_int_property started  	[MsgId: MMSG-26355]
influxdb.c(9): web_get_int_property was successful  	[MsgId: MMSG-26392]
influxdb.c(11): web_get_int_property started  	[MsgId: MMSG-26355]
influxdb.c(11): web_get_int_property was successful  	[MsgId: MMSG-26392]
Create_task.c(32): web_reg_save_param_json started  	[MsgId: MMSG-26355]
Create_task.c(32): Registering web_reg_save_param_json was successful  	[MsgId: MMSG-26390]
Create_task.c(40): web_url("/api/shops?q=&page=0") started  	[MsgId: MMSG-26355]
Create_task.c(40): web_url("/api/shops?q=&page=0") was successful, 1015 body bytes, 316 header bytes, 12 chunking overhead bytes  	[MsgId: MMSG-26385]
influxdb.c(31): web_get_int_property started  	[MsgId: MMSG-26355]
influxdb.c(31): web_get_int_property was successful  	[MsgId: MMSG-26392]
influxdb.c(44): web_get_int_property started  	[MsgId: MMSG-26355]
influxdb.c(44): web_get_int_property was successful  	[MsgId: MMSG-26392]
influxdb.c(45): web_get_int_property started  	[MsgId: MMSG-26355]
influxdb.c(45): web_get_int_property was successful  	[MsgId: MMSG-26392]
influxdb.c(49): web_get_int_property started  	[MsgId: MMSG-26355]
influxdb.c(49): web_get_int_property was successful  	[MsgId: MMSG-26392]
loadrunner,label=/api/shops?qpage0,responseCode=200,success=true responseTime=51,bytes=1343,sentBytes=311,URL="learning2.pflb.ru" 1575469847296184000
influxdb.c(61): web_custom_request("DB_Request") started  	[MsgId: MMSG-26355]
influxdb.c(61): web_custom_request("DB_Request") was successful, 0 body bytes, 248 header bytes  	[MsgId: MMSG-26386]
Create_task.c(52): web_url("/api/user/catalog/node/0/children/") started  	[MsgId: MMSG-26355]
Create_task.c(52): web_url("/api/user/catalog/node/0/children/") was successful, 907 body bytes, 316 header bytes, 12 chunking overhead bytes  	[MsgId: MMSG-26385]
influxdb.c(7): web_get_int_property started  	[MsgId: MMSG-26355]
influxdb.c(7): web_get_int_property was successful  	[MsgId: MMSG-26392]
influxdb.c(8): web_get_int_property started  	[MsgId: MMSG-26355]
influxdb.c(8): web_get_int_property was successful  	[MsgId: MMSG-26392]
influxdb.c(9): web_get_int_property started  	[MsgId: MMSG-26355]
influxdb.c(9): web_get_int_property was successful  	[MsgId: MMSG-26392]
influxdb.c(11): web_get_int_property started  	[MsgId: MMSG-26355]
influxdb.c(11): web_get_int_property was successful  	[MsgId: MMSG-26392]
Create_task.c(66): web_reg_save_param_json started  	[MsgId: MMSG-26355]
Create_task.c(66): Registering web_reg_save_param_json was successful  	[MsgId: MMSG-26390]
Create_task.c(74): web_reg_save_param_json started  	[MsgId: MMSG-26355]
Create_task.c(74): Registering web_reg_save_param_json was successful  	[MsgId: MMSG-26390]
Create_task.c(82): web_url("/api/user/catalog/treeview?shopid={shopid}") started  	[MsgId: MMSG-26355]
Create_task.c(82): web_url("/api/user/catalog/treeview?shopid={shopid}") was successful, 75659 body bytes, 316 header bytes, 84 chunking overhead bytes  	[MsgId: MMSG-26385]
influxdb.c(31): web_get_int_property started  	[MsgId: MMSG-26355]
influxdb.c(31): web_get_int_property was successful  	[MsgId: MMSG-26392]
influxdb.c(44): web_get_int_property started  	[MsgId: MMSG-26355]
influxdb.c(44): web_get_int_property was successful  	[MsgId: MMSG-26392]
influxdb.c(45): web_get_int_property started  	[MsgId: MMSG-26355]
influxdb.c(45): web_get_int_property was successful  	[MsgId: MMSG-26392]
influxdb.c(49): web_get_int_property started  	[MsgId: MMSG-26355]
influxdb.c(49): web_get_int_property was successful  	[MsgId: MMSG-26392]
loadrunner,label=/api/user/catalog/treeviewshopid,responseCode=200,success=true responseTime=385,bytes=76059,sentBytes=326,URL="learning2.pflb.ru" 1575469847958693000
influxdb.c(61): web_custom_request("DB_Request") started  	[MsgId: MMSG-26355]
influxdb.c(61): web_custom_request("DB_Request") was successful, 0 body bytes, 248 header bytes  	[MsgId: MMSG-26386]
Create_task.c(94): Notify: Transaction "UC1_TR3_LOCATION" ended with a "Pass" status (Duration: 0.8649 Wasted Time: 0.1593).
Create_task.c(107): Notify: Transaction "UC1_TR4_QUESTION" started.
Create_task.c(109): web_url("/api/user/catalog/node/191/children/") started  	[MsgId: MMSG-26355]
Create_task.c(109): web_url("/api/user/catalog/node/191/children/") was successful, 2 body bytes, 316 header bytes, 10 chunking overhead bytes  	[MsgId: MMSG-26385]
Create_task.c(119): web_url("/api/user/catalog/node/191/service/") started  	[MsgId: MMSG-26355]
Create_task.c(119): web_url("/api/user/catalog/node/191/service/") was successful, 970 body bytes, 316 header bytes, 12 chunking overhead bytes  	[MsgId: MMSG-26385]
Create_task.c(129): web_url("/api/user/catalog/breadcrumbs/191") started  	[MsgId: MMSG-26355]
Create_task.c(129): web_url("/api/user/catalog/breadcrumbs/191") was successful, 230 body bytes, 316 header bytes, 11 chunking overhead bytes  	[MsgId: MMSG-26385]
influxdb.c(7): web_get_int_property started  	[MsgId: MMSG-26355]
influxdb.c(7): web_get_int_property was successful  	[MsgId: MMSG-26392]
influxdb.c(8): web_get_int_property started  	[MsgId: MMSG-26355]
influxdb.c(8): web_get_int_property was successful  	[MsgId: MMSG-26392]
influxdb.c(9): web_get_int_property started  	[MsgId: MMSG-26355]
influxdb.c(9): web_get_int_property was successful  	[MsgId: MMSG-26392]
influxdb.c(11): web_get_int_property started  	[MsgId: MMSG-26355]
influxdb.c(11): web_get_int_property was successful  	[MsgId: MMSG-26392]
Create_task.c(141): web_reg_save_param_json started  	[MsgId: MMSG-26355]
Create_task.c(141): Registering web_reg_save_param_json was successful  	[MsgId: MMSG-26390]
Create_task.c(148): web_url("/api/inventoryNumbers?serviceId={serviceID}&shopId={shopid}") started  	[MsgId: MMSG-26355]
Create_task.c(148): web_url("/api/inventoryNumbers?serviceId={serviceID}&shopId={shopid}") was successful, 114 body bytes, 316 header bytes, 11 chunking overhead bytes  	[MsgId: MMSG-26385]
influxdb.c(31): web_get_int_property started  	[MsgId: MMSG-26355]
influxdb.c(31): web_get_int_property was successful  	[MsgId: MMSG-26392]
influxdb.c(44): web_get_int_property started  	[MsgId: MMSG-26355]
influxdb.c(44): web_get_int_property was successful  	[MsgId: MMSG-26392]
influxdb.c(45): web_get_int_property started  	[MsgId: MMSG-26355]
influxdb.c(45): web_get_int_property was successful  	[MsgId: MMSG-26392]
influxdb.c(49): web_get_int_property started  	[MsgId: MMSG-26355]
influxdb.c(49): web_get_int_property was successful  	[MsgId: MMSG-26392]
loadrunner,label=/api/inventoryNumbersserviceIdshopId,responseCode=200,success=true responseTime=51,bytes=441,sentBytes=336,URL="learning2.pflb.ru" 1575469848462194000
influxdb.c(61): web_custom_request("DB_Request") started  	[MsgId: MMSG-26355]
influxdb.c(61): web_custom_request("DB_Request") was successful, 0 body bytes, 248 header bytes  	[MsgId: MMSG-26386]
Create_task.c(160): Notify: Transaction "UC1_TR4_QUESTION" ended with a "Pass" status (Duration: 0.4259 Wasted Time: 0.0918).
Create_task.c(162): Notify: Transaction "UC1_TR5_INVNUMBER" started.
influxdb.c(7): web_get_int_property started  	[MsgId: MMSG-26355]
influxdb.c(7): web_get_int_property was successful  	[MsgId: MMSG-26392]
influxdb.c(8): web_get_int_property started  	[MsgId: MMSG-26355]
influxdb.c(8): web_get_int_property was successful  	[MsgId: MMSG-26392]
influxdb.c(9): web_get_int_property started  	[MsgId: MMSG-26355]
influxdb.c(9): web_get_int_property was successful  	[MsgId: MMSG-26392]
influxdb.c(11): web_get_int_property started  	[MsgId: MMSG-26355]
influxdb.c(11): web_get_int_property was successful  	[MsgId: MMSG-26392]
Create_task.c(181): web_url("/api/inventoryNumbers?shopId={shopid}&serviceId={serviceID}&serviceId={serviceID}&q=&page=0") started  	[MsgId: MMSG-26355]
Create_task.c(181): web_url("/api/inventoryNumbers?shopId={shopid}&serviceId={serviceID}&serviceId={serviceID}&q=&page=0") was successful, 114 body bytes, 316 header bytes, 11 chunking overhead bytes  	[MsgId: MMSG-26385]
Create_task.c(191): Notify: Transaction "UC1_TR5_INVNUMBER" ended with a "Pass" status (Duration: 0.1399 Wasted Time: 0.0190).
Create_task.c(198): Notify: Transaction "UC1_TR7_CREATE" started.
influxdb.c(7): web_get_int_property started  	[MsgId: MMSG-26355]
influxdb.c(7): web_get_int_property was successful  	[MsgId: MMSG-26392]
influxdb.c(8): web_get_int_property started  	[MsgId: MMSG-26355]
influxdb.c(8): web_get_int_property was successful  	[MsgId: MMSG-26392]
influxdb.c(9): web_get_int_property started  	[MsgId: MMSG-26355]
influxdb.c(9): web_get_int_property was successful  	[MsgId: MMSG-26392]
influxdb.c(11): web_get_int_property started  	[MsgId: MMSG-26355]
influxdb.c(11): web_get_int_property was successful  	[MsgId: MMSG-26392]
Create_task.c(202): web_custom_request("/api/ticket/") started  	[MsgId: MMSG-26355]
Create_task.c(202): web_custom_request("/api/ticket/") was successful, 1096 body bytes, 316 header bytes, 12 chunking overhead bytes  	[MsgId: MMSG-26385]
influxdb.c(31): web_get_int_property started  	[MsgId: MMSG-26355]
influxdb.c(31): web_get_int_property was successful  	[MsgId: MMSG-26392]
influxdb.c(44): web_get_int_property started  	[MsgId: MMSG-26355]
influxdb.c(44): web_get_int_property was successful  	[MsgId: MMSG-26392]
influxdb.c(45): web_get_int_property started  	[MsgId: MMSG-26355]
influxdb.c(45): web_get_int_property was successful  	[MsgId: MMSG-26392]
influxdb.c(49): web_get_int_property started  	[MsgId: MMSG-26355]
influxdb.c(49): web_get_int_property was successful  	[MsgId: MMSG-26392]
loadrunner,label=/api/ticket,responseCode=200,success=true responseTime=568,bytes=1424,sentBytes=684,URL="learning2.pflb.ru" 1575469849485147000
influxdb.c(61): web_custom_request("DB_Request") started  	[MsgId: MMSG-26355]
influxdb.c(61): web_custom_request("DB_Request") was successful, 0 body bytes, 248 header bytes  	[MsgId: MMSG-26386]
Create_task.c(221): Notify: Transaction "UC1_TR7_CREATE" ended with a "Pass" status (Duration: 0.7058 Wasted Time: 0.0404).
Create_task.c(223): Notify: Transaction "UC1_TR8_OKBUTTON" started.
Create_task.c(225): web_url("{URL}:{port}_3") started  	[MsgId: MMSG-26355]
Create_task.c(225): Retrieving data from cache for "http://learning2.pflb.ru:56902/"  	[MsgId: MMSG-26558]
Create_task.c(225): Resource "http://learning2.pflb.ru:56902/css/core/material_icons.css" is in the cache already and will not be downloaded again  	[MsgId: MMSG-26655]
Create_task.c(225): Resource "http://learning2.pflb.ru:56902/css/core/materialize.min.css" is in the cache already and will not be downloaded again  	[MsgId: MMSG-26655]
Create_task.c(225): Resource "http://learning2.pflb.ru:56902/css/core/uploadfile.css" is in the cache already and will not be downloaded again  	[MsgId: MMSG-26655]
Create_task.c(225): Resource "http://learning2.pflb.ru:56902/css/core/quill.snow.css" is in the cache already and will not be downloaded again  	[MsgId: MMSG-26655]
Create_task.c(225): Resource "http://learning2.pflb.ru:56902/css/core/select2.min.css" is in the cache already and will not be downloaded again  	[MsgId: MMSG-26655]
Create_task.c(225): Resource "http://learning2.pflb.ru:56902/css/core/ee-file-upload.css" is in the cache already and will not be downloaded again  	[MsgId: MMSG-26655]
Create_task.c(225): Resource "http://learning2.pflb.ru:56902/css/style.css" is in the cache already and will not be downloaded again  	[MsgId: MMSG-26655]
Create_task.c(225): Resource "http://learning2.pflb.ru:56902/css/company_2.css" is in the cache already and will not be downloaded again  	[MsgId: MMSG-26655]
Create_task.c(225): Resource "http://learning2.pflb.ru:56902/js/core/legacy.js" is in the cache already and will not be downloaded again  	[MsgId: MMSG-26655]
Create_task.c(225): Resource "http://learning2.pflb.ru:56902/js/core/jquery-3.1.1.js" is in the cache already and will not be downloaded again  	[MsgId: MMSG-26655]
Create_task.c(225): Resource "http://learning2.pflb.ru:56902/js/core/clamp.js" is in the cache already and will not be downloaded again  	[MsgId: MMSG-26655]
Create_task.c(225): Resource "http://learning2.pflb.ru:56902/js/core/jquery.cookie.js" is in the cache already and will not be downloaded again  	[MsgId: MMSG-26655]
Create_task.c(225): Resource "http://learning2.pflb.ru:56902/js/core/jquery.uploadfile.js" is in the cache already and will not be downloaded again  	[MsgId: MMSG-26655]
Create_task.c(225): Resource "http://learning2.pflb.ru:56902/js/core/jquery.maskedinput.js" is in the cache already and will not be downloaded again  	[MsgId: MMSG-26655]
Create_task.c(225): Resource "http://learning2.pflb.ru:56902/js/core/jquery.ee.router.js" is in the cache already and will not be downloaded again  	[MsgId: MMSG-26655]
Create_task.c(225): Resource "http://learning2.pflb.ru:56902/js/core/select2.full.min.js" is in the cache already and will not be downloaded again  	[MsgId: MMSG-26655]
Create_task.c(225): Resource "http://learning2.pflb.ru:56902/js/core/readmore.min.js" is in the cache already and will not be downloaded again  	[MsgId: MMSG-26655]
Create_task.c(225): Resource "http://learning2.pflb.ru:56902/js/core/dust.js" is in the cache already and will not be downloaded again  	[MsgId: MMSG-26655]
Create_task.c(225): Resource "http://learning2.pflb.ru:56902/js/core/dust-helpers.js" is in the cache already and will not be downloaded again  	[MsgId: MMSG-26655]
Create_task.c(225): Resource "http://learning2.pflb.ru:56902/js/core/custom-helpers.js" is in the cache already and will not be downloaded again  	[MsgId: MMSG-26655]
Create_task.c(225): Resource "http://learning2.pflb.ru:56902/js/core/materialize.min.js" is in the cache already and will not be downloaded again  	[MsgId: MMSG-26655]
Create_task.c(225): Resource "http://learning2.pflb.ru:56902/js/core/materialize-select.js" is in the cache already and will not be downloaded again  	[MsgId: MMSG-26655]
Create_task.c(225): Resource "http://learning2.pflb.ru:56902/js/core/materialize-pagination.js" is in the cache already and will not be downloaded again  	[MsgId: MMSG-26655]
Create_task.c(225): Resource "http://learning2.pflb.ru:56902/js/core/polyphills.js" is in the cache already and will not be downloaded again  	[MsgId: MMSG-26655]
Create_task.c(225): Resource "http://learning2.pflb.ru:56902/js/core/helpers.js" is in the cache already and will not be downloaded again  	[MsgId: MMSG-26655]
Create_task.c(225): Resource "http://learning2.pflb.ru:56902/js/index.js" is in the cache already and will not be downloaded again  	[MsgId: MMSG-26655]
Create_task.c(225): Resource "http://learning2.pflb.ru:56902/js/core/materialTable.js" is in the cache already and will not be downloaded again  	[MsgId: MMSG-26655]
Create_task.c(225): web_url("{URL}:{port}_3") was successful, 0 body bytes, 0 header bytes  	[MsgId: MMSG-26386]
Create_task.c(234): web_url("/api/checkLogin") started  	[MsgId: MMSG-26355]
Create_task.c(234): web_url("/api/checkLogin") was successful, 92 body bytes, 316 header bytes, 11 chunking overhead bytes  	[MsgId: MMSG-26385]
Create_task.c(244): web_url("/api/user/info") started  	[MsgId: MMSG-26355]
Create_task.c(244): web_url("/api/user/info") was successful, 277 body bytes, 316 header bytes, 12 chunking overhead bytes  	[MsgId: MMSG-26385]
Create_task.c(254): web_url("/api/ticket/countByState/4") started  	[MsgId: MMSG-26355]
Create_task.c(254): web_url("/api/ticket/countByState/4") was successful, 52 body bytes, 316 header bytes, 11 chunking overhead bytes  	[MsgId: MMSG-26385]
Create_task.c(264): web_url("/api/ticket/countByState/") started  	[MsgId: MMSG-26355]
Create_task.c(264): web_url("/api/ticket/countByState/") was successful, 220 body bytes, 316 header bytes, 11 chunking overhead bytes  	[MsgId: MMSG-26385]
Create_task.c(274): Notify: Transaction "UC1_TR8_OKBUTTON" ended with a "Pass" status (Duration: 0.4189 Wasted Time: 0.0867).
Ending action Create_task.
Starting action Create_task.
Create_task.c(12): Notify: Transaction "UC1_TR2_NEWINC" started.
Create_task.c(14): web_url("/api/user/catalog/node/0/children/") started  	[MsgId: MMSG-26355]
Create_task.c(14): web_url("/api/user/catalog/node/0/children/") was successful, 907 body bytes, 316 header bytes, 12 chunking overhead bytes  	[MsgId: MMSG-26385]
Create_task.c(24): Notify: Transaction "UC1_TR2_NEWINC" ended with a "Pass" status (Duration: 0.1228 Wasted Time: 0.0192).
Create_task.c(28): Notify: Transaction "UC1_TR3_LOCATION" started.
influxdb.c(7): web_get_int_property started  	[MsgId: MMSG-26355]
influxdb.c(7): web_get_int_property was successful  	[MsgId: MMSG-26392]
influxdb.c(8): web_get_int_property started  	[MsgId: MMSG-26355]
influxdb.c(8): web_get_int_property was successful  	[MsgId: MMSG-26392]
influxdb.c(9): web_get_int_property started  	[MsgId: MMSG-26355]
influxdb.c(9): web_get_int_property was successful  	[MsgId: MMSG-26392]
influxdb.c(11): web_get_int_property started  	[MsgId: MMSG-26355]
influxdb.c(11): web_get_int_property was successful  	[MsgId: MMSG-26392]
Create_task.c(32): web_reg_save_param_json started  	[MsgId: MMSG-26355]
Create_task.c(32): Registering web_reg_save_param_json was successful  	[MsgId: MMSG-26390]
Create_task.c(40): web_url("/api/shops?q=&page=0") started  	[MsgId: MMSG-26355]
Create_task.c(40): web_url("/api/shops?q=&page=0") was successful, 1015 body bytes, 316 header bytes, 12 chunking overhead bytes  	[MsgId: MMSG-26385]
influxdb.c(31): web_get_int_property started  	[MsgId: MMSG-26355]
influxdb.c(31): web_get_int_property was successful  	[MsgId: MMSG-26392]
influxdb.c(44): web_get_int_property started  	[MsgId: MMSG-26355]
influxdb.c(44): web_get_int_property was successful  	[MsgId: MMSG-26392]
influxdb.c(45): web_get_int_property started  	[MsgId: MMSG-26355]
influxdb.c(45): web_get_int_property was successful  	[MsgId: MMSG-26392]
influxdb.c(49): web_get_int_property started  	[MsgId: MMSG-26355]
influxdb.c(49): web_get_int_property was successful  	[MsgId: MMSG-26392]
loadrunner,label=/api/shops?qpage0,responseCode=200,success=true responseTime=52,bytes=1343,sentBytes=311,URL="learning2.pflb.ru" 1575469850592231000
influxdb.c(61): web_custom_request("DB_Request") started  	[MsgId: MMSG-26355]
influxdb.c(61): web_custom_request("DB_Request") was successful, 0 body bytes, 248 header bytes  	[MsgId: MMSG-26386]
Create_task.c(52): web_url("/api/user/catalog/node/0/children/") started  	[MsgId: MMSG-26355]
Create_task.c(52): web_url("/api/user/catalog/node/0/children/") was successful, 907 body bytes, 316 header bytes, 12 chunking overhead bytes  	[MsgId: MMSG-26385]
influxdb.c(7): web_get_int_property started  	[MsgId: MMSG-26355]
influxdb.c(7): web_get_int_property was successful  	[MsgId: MMSG-26392]
influxdb.c(8): web_get_int_property started  	[MsgId: MMSG-26355]
influxdb.c(8): web_get_int_property was successful  	[MsgId: MMSG-26392]
influxdb.c(9): web_get_int_property started  	[MsgId: MMSG-26355]
influxdb.c(9): web_get_int_property was successful  	[MsgId: MMSG-26392]
influxdb.c(11): web_get_int_property started  	[MsgId: MMSG-26355]
influxdb.c(11): web_get_int_property was successful  	[MsgId: MMSG-26392]
Create_task.c(66): web_reg_save_param_json started  	[MsgId: MMSG-26355]
Create_task.c(66): Registering web_reg_save_param_json was successful  	[MsgId: MMSG-26390]
Create_task.c(74): web_reg_save_param_json started  	[MsgId: MMSG-26355]
Create_task.c(74): Registering web_reg_save_param_json was successful  	[MsgId: MMSG-26390]
Create_task.c(82): web_url("/api/user/catalog/treeview?shopid={shopid}") started  	[MsgId: MMSG-26355]
Create_task.c(82): web_url("/api/user/catalog/treeview?shopid={shopid}") was successful, 75659 body bytes, 316 header bytes, 84 chunking overhead bytes  	[MsgId: MMSG-26385]
influxdb.c(31): web_get_int_property started  	[MsgId: MMSG-26355]
influxdb.c(31): web_get_int_property was successful  	[MsgId: MMSG-26392]
influxdb.c(44): web_get_int_property started  	[MsgId: MMSG-26355]
influxdb.c(44): web_get_int_property was successful  	[MsgId: MMSG-26392]
influxdb.c(45): web_get_int_property started  	[MsgId: MMSG-26355]
influxdb.c(45): web_get_int_property was successful  	[MsgId: MMSG-26392]
influxdb.c(49): web_get_int_property started  	[MsgId: MMSG-26355]
influxdb.c(49): web_get_int_property was successful  	[MsgId: MMSG-26392]
loadrunner,label=/api/user/catalog/treeviewshopid,responseCode=200,success=true responseTime=294,bytes=76059,sentBytes=327,URL="learning2.pflb.ru" 1575469851100419000
influxdb.c(61): web_custom_request("DB_Request") started  	[MsgId: MMSG-26355]
influxdb.c(61): web_custom_request("DB_Request") was successful, 0 body bytes, 248 header bytes  	[MsgId: MMSG-26386]
Create_task.c(94): Notify: Transaction "UC1_TR3_LOCATION" ended with a "Pass" status (Duration: 0.6909 Wasted Time: 0.1280).
Create_task.c(107): Notify: Transaction "UC1_TR4_QUESTION" started.
Create_task.c(109): web_url("/api/user/catalog/node/191/children/") started  	[MsgId: MMSG-26355]
Create_task.c(109): web_url("/api/user/catalog/node/191/children/") was successful, 2 body bytes, 316 header bytes, 10 chunking overhead bytes  	[MsgId: MMSG-26385]
Create_task.c(119): web_url("/api/user/catalog/node/191/service/") started  	[MsgId: MMSG-26355]
Create_task.c(119): web_url("/api/user/catalog/node/191/service/") was successful, 970 body bytes, 316 header bytes, 12 chunking overhead bytes  	[MsgId: MMSG-26385]
Create_task.c(129): web_url("/api/user/catalog/breadcrumbs/191") started  	[MsgId: MMSG-26355]
Create_task.c(129): web_url("/api/user/catalog/breadcrumbs/191") was successful, 230 body bytes, 316 header bytes, 11 chunking overhead bytes  	[MsgId: MMSG-26385]
influxdb.c(7): web_get_int_property started  	[MsgId: MMSG-26355]
influxdb.c(7): web_get_int_property was successful  	[MsgId: MMSG-26392]
influxdb.c(8): web_get_int_property started  	[MsgId: MMSG-26355]
influxdb.c(8): web_get_int_property was successful  	[MsgId: MMSG-26392]
influxdb.c(9): web_get_int_property started  	[MsgId: MMSG-26355]
influxdb.c(9): web_get_int_property was successful  	[MsgId: MMSG-26392]
influxdb.c(11): web_get_int_property started  	[MsgId: MMSG-26355]
influxdb.c(11): web_get_int_property was successful  	[MsgId: MMSG-26392]
Create_task.c(141): web_reg_save_param_json started  	[MsgId: MMSG-26355]
Create_task.c(141): Registering web_reg_save_param_json was successful  	[MsgId: MMSG-26390]
Create_task.c(148): web_url("/api/inventoryNumbers?serviceId={serviceID}&shopId={shopid}") started  	[MsgId: MMSG-26355]
Create_task.c(148): web_url("/api/inventoryNumbers?serviceId={serviceID}&shopId={shopid}") was successful, 114 body bytes, 316 header bytes, 11 chunking overhead bytes  	[MsgId: MMSG-26385]
influxdb.c(31): web_get_int_property started  	[MsgId: MMSG-26355]
influxdb.c(31): web_get_int_property was successful  	[MsgId: MMSG-26392]
influxdb.c(44): web_get_int_property started  	[MsgId: MMSG-26355]
influxdb.c(44): web_get_int_property was successful  	[MsgId: MMSG-26392]
influxdb.c(45): web_get_int_property started  	[MsgId: MMSG-26355]
influxdb.c(45): web_get_int_property was successful  	[MsgId: MMSG-26392]
influxdb.c(49): web_get_int_property started  	[MsgId: MMSG-26355]
influxdb.c(49): web_get_int_property was successful  	[MsgId: MMSG-26392]
loadrunner,label=/api/inventoryNumbersserviceIdshopId,responseCode=200,success=true responseTime=25,bytes=441,sentBytes=337,URL="learning2.pflb.ru" 1575469851559230000
influxdb.c(61): web_custom_request("DB_Request") started  	[MsgId: MMSG-26355]
influxdb.c(61): web_custom_request("DB_Request") was successful, 0 body bytes, 248 header bytes  	[MsgId: MMSG-26386]
Create_task.c(160): Notify: Transaction "UC1_TR4_QUESTION" ended with a "Pass" status (Duration: 0.3819 Wasted Time: 0.0987).
Create_task.c(162): Notify: Transaction "UC1_TR5_INVNUMBER" started.
influxdb.c(7): web_get_int_property started  	[MsgId: MMSG-26355]
influxdb.c(7): web_get_int_property was successful  	[MsgId: MMSG-26392]
influxdb.c(8): web_get_int_property started  	[MsgId: MMSG-26355]
influxdb.c(8): web_get_int_property was successful  	[MsgId: MMSG-26392]
influxdb.c(9): web_get_int_property started  	[MsgId: MMSG-26355]
influxdb.c(9): web_get_int_property was successful  	[MsgId: MMSG-26392]
influxdb.c(11): web_get_int_property started  	[MsgId: MMSG-26355]
influxdb.c(11): web_get_int_property was successful  	[MsgId: MMSG-26392]
Create_task.c(181): web_url("/api/inventoryNumbers?shopId={shopid}&serviceId={serviceID}&serviceId={serviceID}&q=&page=0") started  	[MsgId: MMSG-26355]
Create_task.c(181): web_url("/api/inventoryNumbers?shopId={shopid}&serviceId={serviceID}&serviceId={serviceID}&q=&page=0") was successful, 114 body bytes, 316 header bytes, 11 chunking overhead bytes  	[MsgId: MMSG-26385]
Create_task.c(191): Notify: Transaction "UC1_TR5_INVNUMBER" ended with a "Pass" status (Duration: 0.0919 Wasted Time: 0.0189).
Create_task.c(198): Notify: Transaction "UC1_TR7_CREATE" started.
influxdb.c(7): web_get_int_property started  	[MsgId: MMSG-26355]
influxdb.c(7): web_get_int_property was successful  	[MsgId: MMSG-26392]
influxdb.c(8): web_get_int_property started  	[MsgId: MMSG-26355]
influxdb.c(8): web_get_int_property was successful  	[MsgId: MMSG-26392]
influxdb.c(9): web_get_int_property started  	[MsgId: MMSG-26355]
influxdb.c(9): web_get_int_property was successful  	[MsgId: MMSG-26392]
influxdb.c(11): web_get_int_property started  	[MsgId: MMSG-26355]
influxdb.c(11): web_get_int_property was successful  	[MsgId: MMSG-26392]
Create_task.c(202): web_custom_request("/api/ticket/") started  	[MsgId: MMSG-26355]
Create_task.c(202): Error -26612: HTTP Status-Code=500 (Internal Server Error) for "http://learning2.pflb.ru:56902/api/ticket/"  	[MsgId: MERR-26612]
Create_task.c(202): web_custom_request("/api/ticket/") highest severity level was "ERROR", 200 body bytes, 335 header bytes, 11 chunking overhead bytes  	[MsgId: MMSG-26387]
Create_task.c(202): Notify: Transaction "UC1_TR7_CREATE" ended with a "Fail" status (Duration: 0.1520 Wasted Time: 0.0206).
Create_task.c(202): Notify: Transaction "UC1_TR7_CREATE" has 1 error message(s).
Create_task.c(202): Notify: The 1st error message associated with transaction "UC1_TR7_CREATE" is "Error -26612: HTTP Status-Code=500 (Internal Server Error) for "http://learning2.pflb.ru:56902/api/ticket/""
Ending action Create_task.
Starting action Comment_task.
Comment_task.c(3): Notify: Transaction "UC3_TR2_SELECT_TASKS" started.
Comment_task.c(5): web_url("/api/task/countByState/") started  	[MsgId: MMSG-26355]
Comment_task.c(5): web_url("/api/task/countByState/") was successful, 172 body bytes, 316 header bytes, 11 chunking overhead bytes  	[MsgId: MMSG-26385]
influxdb.c(7): web_get_int_property started  	[MsgId: MMSG-26355]
influxdb.c(7): web_get_int_property was successful  	[MsgId: MMSG-26392]
influxdb.c(8): web_get_int_property started  	[MsgId: MMSG-26355]
influxdb.c(8): web_get_int_property was successful  	[MsgId: MMSG-26392]
influxdb.c(9): web_get_int_property started  	[MsgId: MMSG-26355]
influxdb.c(9): web_get_int_property was successful  	[MsgId: MMSG-26392]
influxdb.c(11): web_get_int_property started  	[MsgId: MMSG-26355]
influxdb.c(11): web_get_int_property was successful  	[MsgId: MMSG-26392]
Comment_task.c(17): web_reg_save_param_json started  	[MsgId: MMSG-26355]
Comment_task.c(17): Registering web_reg_save_param_json was successful  	[MsgId: MMSG-26390]
Comment_task.c(25): web_custom_request("/api/task/?state=1&page=0&size=10") started  	[MsgId: MMSG-26355]
Comment_task.c(25): web_custom_request("/api/task/?state=1&page=0&size=10") was successful, 14375 body bytes, 316 header bytes, 21 chunking overhead bytes  	[MsgId: MMSG-26385]
influxdb.c(31): web_get_int_property started  	[MsgId: MMSG-26355]
influxdb.c(31): web_get_int_property was successful  	[MsgId: MMSG-26392]
influxdb.c(44): web_get_int_property started  	[MsgId: MMSG-26355]
influxdb.c(44): web_get_int_property was successful  	[MsgId: MMSG-26392]
influxdb.c(45): web_get_int_property started  	[MsgId: MMSG-26355]
influxdb.c(45): web_get_int_property was successful  	[MsgId: MMSG-26392]
influxdb.c(49): web_get_int_property started  	[MsgId: MMSG-26355]
influxdb.c(49): web_get_int_property was successful  	[MsgId: MMSG-26392]
loadrunner,label=/api/task/state1page0size10,responseCode=200,success=true responseTime=1421,bytes=14712,sentBytes=371,URL="learning2.pflb.ru" 1575469853816015000
influxdb.c(61): web_custom_request("DB_Request") started  	[MsgId: MMSG-26355]
influxdb.c(61): web_custom_request("DB_Request") was successful, 0 body bytes, 248 header bytes  	[MsgId: MMSG-26386]
Comment_task.c(39): Notify: Transaction "UC3_TR2_SELECT_TASKS" ended with a "Pass" status (Duration: 1.6897 Wasted Time: 0.0798).
Comment_task.c(43): Notify: Transaction "UC3_TR3_OPEN_TASK" started.
Comment_task.c(47): web_url("/engineer/task/task.dust") started  	[MsgId: MMSG-26355]
Comment_task.c(47): web_url("/engineer/task/task.dust") was successful, 16080 body bytes, 387 header bytes  	[MsgId: MMSG-26386]
Comment_task.c(56): web_url("/engineer/task/task.js") started  	[MsgId: MMSG-26355]
Comment_task.c(56): web_url("/engineer/task/task.js") was successful, 19050 body bytes, 385 header bytes  	[MsgId: MMSG-26386]
Comment_task.c(65): web_url("/api/task/{TaskID}") started  	[MsgId: MMSG-26355]
Comment_task.c(65): web_url("/api/task/{TaskID}") was successful, 1795 body bytes, 316 header bytes, 12 chunking overhead bytes  	[MsgId: MMSG-26385]
Comment_task.c(75): web_url("/api/checkLogin") started  	[MsgId: MMSG-26355]
Comment_task.c(75): web_url("/api/checkLogin") was successful, 92 body bytes, 316 header bytes, 11 chunking overhead bytes  	[MsgId: MMSG-26385]
Comment_task.c(85): web_url("/api/ticket/{TaskID}/comment/") started  	[MsgId: MMSG-26355]
Comment_task.c(85): web_url("/api/ticket/{TaskID}/comment/") was successful, 2 body bytes, 316 header bytes, 10 chunking overhead bytes  	[MsgId: MMSG-26385]
Comment_task.c(95): Notify: Transaction "UC3_TR3_OPEN_TASK" ended with a "Pass" status (Duration: 3.3705 Wasted Time: 0.1061).
Comment_task.c(97): Notify: Transaction "UC3_TR5_SUBMIT_COMMENT" started.
influxdb.c(7): web_get_int_property started  	[MsgId: MMSG-26355]
influxdb.c(7): web_get_int_property was successful  	[MsgId: MMSG-26392]
influxdb.c(8): web_get_int_property started  	[MsgId: MMSG-26355]
influxdb.c(8): web_get_int_property was successful  	[MsgId: MMSG-26392]
influxdb.c(9): web_get_int_property started  	[MsgId: MMSG-26355]
influxdb.c(9): web_get_int_property was successful  	[MsgId: MMSG-26392]
influxdb.c(11): web_get_int_property started  	[MsgId: MMSG-26355]
influxdb.c(11): web_get_int_property was successful  	[MsgId: MMSG-26392]
Comment_task.c(101): web_custom_request("/api/ticket/{TaskID}/comment/") started  	[MsgId: MMSG-26355]
Comment_task.c(101): web_custom_request("/api/ticket/{TaskID}/comment/") was successful, 123 body bytes, 316 header bytes, 11 chunking overhead bytes  	[MsgId: MMSG-26385]
influxdb.c(31): web_get_int_property started  	[MsgId: MMSG-26355]
influxdb.c(31): web_get_int_property was successful  	[MsgId: MMSG-26392]
influxdb.c(44): web_get_int_property started  	[MsgId: MMSG-26355]
influxdb.c(44): web_get_int_property was successful  	[MsgId: MMSG-26392]
influxdb.c(45): web_get_int_property started  	[MsgId: MMSG-26355]
influxdb.c(45): web_get_int_property was successful  	[MsgId: MMSG-26392]
influxdb.c(49): web_get_int_property started  	[MsgId: MMSG-26355]
influxdb.c(49): web_get_int_property was successful  	[MsgId: MMSG-26392]
loadrunner,label=comment/,responseCode=200,success=true responseTime=250,bytes=450,sentBytes=448,URL="learning2.pflb.ru" 1575469857724609000
influxdb.c(61): web_custom_request("DB_Request") started  	[MsgId: MMSG-26355]
influxdb.c(61): web_custom_request("DB_Request") was successful, 0 body bytes, 248 header bytes  	[MsgId: MMSG-26386]
Comment_task.c(116): web_url("/api/ticket/{TaskID}/comment/") started  	[MsgId: MMSG-26355]
Comment_task.c(116): web_url("/api/ticket/{TaskID}/comment/") was successful, 172 body bytes, 316 header bytes, 11 chunking overhead bytes  	[MsgId: MMSG-26385]
Comment_task.c(126): Notify: Transaction "UC3_TR5_SUBMIT_COMMENT" ended with a "Pass" status (Duration: 2.2449 Wasted Time: 0.0594).
Ending action Comment_task.
Starting action Comment_task.
Comment_task.c(3): Notify: Transaction "UC3_TR2_SELECT_TASKS" started.
Comment_task.c(5): web_url("/api/task/countByState/") started  	[MsgId: MMSG-26355]
Comment_task.c(5): web_url("/api/task/countByState/") was successful, 172 body bytes, 316 header bytes, 11 chunking overhead bytes  	[MsgId: MMSG-26385]
influxdb.c(7): web_get_int_property started  	[MsgId: MMSG-26355]
influxdb.c(7): web_get_int_property was successful  	[MsgId: MMSG-26392]
influxdb.c(8): web_get_int_property started  	[MsgId: MMSG-26355]
influxdb.c(8): web_get_int_property was successful  	[MsgId: MMSG-26392]
influxdb.c(9): web_get_int_property started  	[MsgId: MMSG-26355]
influxdb.c(9): web_get_int_property was successful  	[MsgId: MMSG-26392]
influxdb.c(11): web_get_int_property started  	[MsgId: MMSG-26355]
influxdb.c(11): web_get_int_property was successful  	[MsgId: MMSG-26392]
Comment_task.c(17): web_reg_save_param_json started  	[MsgId: MMSG-26355]
Comment_task.c(17): Registering web_reg_save_param_json was successful  	[MsgId: MMSG-26390]
Comment_task.c(25): web_custom_request("/api/task/?state=1&page=0&size=10") started  	[MsgId: MMSG-26355]
Comment_task.c(25): web_custom_request("/api/task/?state=1&page=0&size=10") was successful, 14487 body bytes, 316 header bytes, 21 chunking overhead bytes  	[MsgId: MMSG-26385]
influxdb.c(31): web_get_int_property started  	[MsgId: MMSG-26355]
influxdb.c(31): web_get_int_property was successful  	[MsgId: MMSG-26392]
influxdb.c(44): web_get_int_property started  	[MsgId: MMSG-26355]
influxdb.c(44): web_get_int_property was successful  	[MsgId: MMSG-26392]
influxdb.c(45): web_get_int_property started  	[MsgId: MMSG-26355]
influxdb.c(45): web_get_int_property was successful  	[MsgId: MMSG-26392]
influxdb.c(49): web_get_int_property started  	[MsgId: MMSG-26355]
influxdb.c(49): web_get_int_property was successful  	[MsgId: MMSG-26392]
loadrunner,label=/api/task/state1page0size10,responseCode=200,success=true responseTime=1078,bytes=14824,sentBytes=371,URL="learning2.pflb.ru" 1575469861073985000
influxdb.c(61): web_custom_request("DB_Request") started  	[MsgId: MMSG-26355]
influxdb.c(61): web_custom_request("DB_Request") was successful, 0 body bytes, 248 header bytes  	[MsgId: MMSG-26386]
Comment_task.c(39): Notify: Transaction "UC3_TR2_SELECT_TASKS" ended with a "Pass" status (Duration: 1.2807 Wasted Time: 0.0581).
Comment_task.c(43): Notify: Transaction "UC3_TR3_OPEN_TASK" started.
Comment_task.c(47): web_url("/engineer/task/task.dust") started  	[MsgId: MMSG-26355]
Comment_task.c(47): web_url("/engineer/task/task.dust") was successful, 16080 body bytes, 387 header bytes  	[MsgId: MMSG-26386]
Comment_task.c(56): web_url("/engineer/task/task.js") started  	[MsgId: MMSG-26355]
Comment_task.c(56): web_url("/engineer/task/task.js") was successful, 19050 body bytes, 385 header bytes  	[MsgId: MMSG-26386]
Comment_task.c(65): web_url("/api/task/{TaskID}") started  	[MsgId: MMSG-26355]
Comment_task.c(65): web_url("/api/task/{TaskID}") was successful, 1795 body bytes, 316 header bytes, 12 chunking overhead bytes  	[MsgId: MMSG-26385]
Comment_task.c(75): web_url("/api/checkLogin") started  	[MsgId: MMSG-26355]
Comment_task.c(75): web_url("/api/checkLogin") was successful, 92 body bytes, 316 header bytes, 11 chunking overhead bytes  	[MsgId: MMSG-26385]
Comment_task.c(85): web_url("/api/ticket/{TaskID}/comment/") started  	[MsgId: MMSG-26355]
Comment_task.c(85): web_url("/api/ticket/{TaskID}/comment/") was successful, 186 body bytes, 316 header bytes, 11 chunking overhead bytes  	[MsgId: MMSG-26385]
Comment_task.c(95): Notify: Transaction "UC3_TR3_OPEN_TASK" ended with a "Pass" status (Duration: 2.9479 Wasted Time: 0.1066).
Comment_task.c(97): Notify: Transaction "UC3_TR5_SUBMIT_COMMENT" started.
influxdb.c(7): web_get_int_property started  	[MsgId: MMSG-26355]
influxdb.c(7): web_get_int_property was successful  	[MsgId: MMSG-26392]
influxdb.c(8): web_get_int_property started  	[MsgId: MMSG-26355]
influxdb.c(8): web_get_int_property was successful  	[MsgId: MMSG-26392]
influxdb.c(9): web_get_int_property started  	[MsgId: MMSG-26355]
influxdb.c(9): web_get_int_property was successful  	[MsgId: MMSG-26392]
influxdb.c(11): web_get_int_property started  	[MsgId: MMSG-26355]
influxdb.c(11): web_get_int_property was successful  	[MsgId: MMSG-26392]
Comment_task.c(101): web_custom_request("/api/ticket/{TaskID}/comment/") started  	[MsgId: MMSG-26355]
Comment_task.c(101): web_custom_request("/api/ticket/{TaskID}/comment/") was successful, 123 body bytes, 316 header bytes, 11 chunking overhead bytes  	[MsgId: MMSG-26385]
influxdb.c(31): web_get_int_property started  	[MsgId: MMSG-26355]
influxdb.c(31): web_get_int_property was successful  	[MsgId: MMSG-26392]
influxdb.c(44): web_get_int_property started  	[MsgId: MMSG-26355]
influxdb.c(44): web_get_int_property was successful  	[MsgId: MMSG-26392]
influxdb.c(45): web_get_int_property started  	[MsgId: MMSG-26355]
influxdb.c(45): web_get_int_property was successful  	[MsgId: MMSG-26392]
influxdb.c(49): web_get_int_property started  	[MsgId: MMSG-26355]
influxdb.c(49): web_get_int_property was successful  	[MsgId: MMSG-26392]
loadrunner,label=comment/,responseCode=200,success=true responseTime=194,bytes=450,sentBytes=448,URL="learning2.pflb.ru" 1575469864521625000
influxdb.c(61): web_custom_request("DB_Request") started  	[MsgId: MMSG-26355]
influxdb.c(61): web_custom_request("DB_Request") was successful, 0 body bytes, 248 header bytes  	[MsgId: MMSG-26386]
Comment_task.c(116): web_url("/api/ticket/{TaskID}/comment/") started  	[MsgId: MMSG-26355]
Comment_task.c(116): web_url("/api/ticket/{TaskID}/comment/") was successful, 542 body bytes, 316 header bytes, 12 chunking overhead bytes  	[MsgId: MMSG-26385]
Comment_task.c(126): Notify: Transaction "UC3_TR5_SUBMIT_COMMENT" ended with a "Pass" status (Duration: 2.3260 Wasted Time: 0.0670).
Ending action Comment_task.
Starting action Comment_task.
Comment_task.c(3): Notify: Transaction "UC3_TR2_SELECT_TASKS" started.
Comment_task.c(5): web_url("/api/task/countByState/") started  	[MsgId: MMSG-26355]
Comment_task.c(5): web_url("/api/task/countByState/") was successful, 172 body bytes, 316 header bytes, 11 chunking overhead bytes  	[MsgId: MMSG-26385]
influxdb.c(7): web_get_int_property started  	[MsgId: MMSG-26355]
influxdb.c(7): web_get_int_property was successful  	[MsgId: MMSG-26392]
influxdb.c(8): web_get_int_property started  	[MsgId: MMSG-26355]
influxdb.c(8): web_get_int_property was successful  	[MsgId: MMSG-26392]
influxdb.c(9): web_get_int_property started  	[MsgId: MMSG-26355]
influxdb.c(9): web_get_int_property was successful  	[MsgId: MMSG-26392]
influxdb.c(11): web_get_int_property started  	[MsgId: MMSG-26355]
influxdb.c(11): web_get_int_property was successful  	[MsgId: MMSG-26392]
Comment_task.c(17): web_reg_save_param_json started  	[MsgId: MMSG-26355]
Comment_task.c(17): Registering web_reg_save_param_json was successful  	[MsgId: MMSG-26390]
Comment_task.c(25): web_custom_request("/api/task/?state=1&page=0&size=10") started  	[MsgId: MMSG-26355]
Comment_task.c(25): web_custom_request("/api/task/?state=1&page=0&size=10") was successful, 14332 body bytes, 316 header bytes, 21 chunking overhead bytes  	[MsgId: MMSG-26385]
influxdb.c(31): web_get_int_property started  	[MsgId: MMSG-26355]
influxdb.c(31): web_get_int_property was successful  	[MsgId: MMSG-26392]
influxdb.c(44): web_get_int_property started  	[MsgId: MMSG-26355]
influxdb.c(44): web_get_int_property was successful  	[MsgId: MMSG-26392]
influxdb.c(45): web_get_int_property started  	[MsgId: MMSG-26355]
influxdb.c(45): web_get_int_property was successful  	[MsgId: MMSG-26392]
influxdb.c(49): web_get_int_property started  	[MsgId: MMSG-26355]
influxdb.c(49): web_get_int_property was successful  	[MsgId: MMSG-26392]
loadrunner,label=/api/task/state1page0size10,responseCode=200,success=true responseTime=1114,bytes=14669,sentBytes=371,URL="learning2.pflb.ru" 1575469868079443000
influxdb.c(61): web_custom_request("DB_Request") started  	[MsgId: MMSG-26355]
influxdb.c(61): web_custom_request("DB_Request") was successful, 0 body bytes, 248 header bytes  	[MsgId: MMSG-26386]
Comment_task.c(39): Notify: Transaction "UC3_TR2_SELECT_TASKS" ended with a "Pass" status (Duration: 1.3605 Wasted Time: 0.0579).
Comment_task.c(43): Notify: Transaction "UC3_TR3_OPEN_TASK" started.
Comment_task.c(47): web_url("/engineer/task/task.dust") started  	[MsgId: MMSG-26355]
Comment_task.c(47): web_url("/engineer/task/task.dust") was successful, 16080 body bytes, 387 header bytes  	[MsgId: MMSG-26386]
Comment_task.c(56): web_url("/engineer/task/task.js") started  	[MsgId: MMSG-26355]
Comment_task.c(56): web_url("/engineer/task/task.js") was successful, 19050 body bytes, 385 header bytes  	[MsgId: MMSG-26386]
Comment_task.c(65): web_url("/api/task/{TaskID}") started  	[MsgId: MMSG-26355]
Comment_task.c(65): web_url("/api/task/{TaskID}") was successful, 1331 body bytes, 316 header bytes, 12 chunking overhead bytes  	[MsgId: MMSG-26385]
Comment_task.c(75): web_url("/api/checkLogin") started  	[MsgId: MMSG-26355]
Comment_task.c(75): web_url("/api/checkLogin") was successful, 92 body bytes, 316 header bytes, 11 chunking overhead bytes  	[MsgId: MMSG-26385]
Comment_task.c(85): web_url("/api/ticket/{TaskID}/comment/") started  	[MsgId: MMSG-26355]
Comment_task.c(85): Notify: Transaction "UC3_TR3_OPEN_TASK" ended with a "Stop" status (Duration: 1.7448 Wasted Time: 0.0982).
Abort was called from an action.
Ending Vuser...
Vuser Terminated.
