Virtual User Script started at: 27.11.2019 16:07:08
Starting action vuser_init.
Web Turbo Replay of LoadRunner 12.60.0 for Windows 10; build 971 (авг 09 2018 11:27:13)  	[MsgId: MMSG-26983]
Run mode: HTML  	[MsgId: MMSG-26993]
Replay user agent: Mozilla/5.0 (Windows NT 10.0; Win64; x64) AppleWebKit/537.36 (KHTML, like Gecko) Chrome/78.0.3904.108 Safari/537.36  	[MsgId: MMSG-26988]
Runtime Settings file: "C:\Users\student\Desktop\Новая папка (2)\Andreev123\pc\togit\XDESK\UC01_task_create\\default.cfg"  	[MsgId: MMSG-27141]
Ending action vuser_init.
Running Vuser...
Starting iteration 1.
Maximum number of concurrent connections per server: 6  	[MsgId: MMSG-26989]
Starting action Action.
Action.c(13): web_set_sockets_option started  	[MsgId: MMSG-26355]
Action.c(13): web_set_sockets_option was successful  	[MsgId: MMSG-26392]
Action.c(15): web_add_header("Upgrade-Insecure-Requests") started  	[MsgId: MMSG-26355]
Action.c(15): web_add_header("Upgrade-Insecure-Requests") was successful  	[MsgId: MMSG-26392]
Action.c(18): web_url("Homepage") started  	[MsgId: MMSG-26355]
Action.c(18): Found resource "http://learning2.pflb.ru:56902/css/core/material_icons.css" in HTML "http://learning2.pflb.ru:56902/"  	[MsgId: MMSG-26659]
Action.c(18): Found resource "http://learning2.pflb.ru:56902/css/core/materialize.min.css" in HTML "http://learning2.pflb.ru:56902/"  	[MsgId: MMSG-26659]
Action.c(18): Found resource "http://learning2.pflb.ru:56902/css/core/uploadfile.css" in HTML "http://learning2.pflb.ru:56902/"  	[MsgId: MMSG-26659]
Action.c(18): Found resource "http://learning2.pflb.ru:56902/css/core/quill.snow.css" in HTML "http://learning2.pflb.ru:56902/"  	[MsgId: MMSG-26659]
Action.c(18): Found resource "http://learning2.pflb.ru:56902/css/core/select2.min.css" in HTML "http://learning2.pflb.ru:56902/"  	[MsgId: MMSG-26659]
Action.c(18): Found resource "http://learning2.pflb.ru:56902/css/core/ee-file-upload.css" in HTML "http://learning2.pflb.ru:56902/"  	[MsgId: MMSG-26659]
Action.c(18): Found resource "http://learning2.pflb.ru:56902/css/style.css" in HTML "http://learning2.pflb.ru:56902/"  	[MsgId: MMSG-26659]
Action.c(18): Found resource "http://learning2.pflb.ru:56902/css/company_2.css" in HTML "http://learning2.pflb.ru:56902/"  	[MsgId: MMSG-26659]
Action.c(18): Found resource "http://learning2.pflb.ru:56902/js/core/legacy.js" in HTML "http://learning2.pflb.ru:56902/"  	[MsgId: MMSG-26659]
Action.c(18): Found resource "http://learning2.pflb.ru:56902/js/core/jquery-3.1.1.js" in HTML "http://learning2.pflb.ru:56902/"  	[MsgId: MMSG-26659]
Action.c(18): Found resource "http://learning2.pflb.ru:56902/js/core/clamp.js" in HTML "http://learning2.pflb.ru:56902/"  	[MsgId: MMSG-26659]
Action.c(18): Found resource "http://learning2.pflb.ru:56902/js/core/jquery.cookie.js" in HTML "http://learning2.pflb.ru:56902/"  	[MsgId: MMSG-26659]
Action.c(18): Found resource "http://learning2.pflb.ru:56902/js/core/jquery.uploadfile.js" in HTML "http://learning2.pflb.ru:56902/"  	[MsgId: MMSG-26659]
Action.c(18): Found resource "http://learning2.pflb.ru:56902/js/core/jquery.maskedinput.js" in HTML "http://learning2.pflb.ru:56902/"  	[MsgId: MMSG-26659]
Action.c(18): Found resource "http://learning2.pflb.ru:56902/js/core/jquery.ee.router.js" in HTML "http://learning2.pflb.ru:56902/"  	[MsgId: MMSG-26659]
Action.c(18): Found resource "http://learning2.pflb.ru:56902/js/core/select2.full.min.js" in HTML "http://learning2.pflb.ru:56902/"  	[MsgId: MMSG-26659]
Action.c(18): Found resource "http://learning2.pflb.ru:56902/js/core/readmore.min.js" in HTML "http://learning2.pflb.ru:56902/"  	[MsgId: MMSG-26659]
Action.c(18): Found resource "http://learning2.pflb.ru:56902/js/core/dust.js" in HTML "http://learning2.pflb.ru:56902/"  	[MsgId: MMSG-26659]
Action.c(18): Found resource "http://learning2.pflb.ru:56902/js/core/dust-helpers.js" in HTML "http://learning2.pflb.ru:56902/"  	[MsgId: MMSG-26659]
Action.c(18): Found resource "http://learning2.pflb.ru:56902/js/core/custom-helpers.js" in HTML "http://learning2.pflb.ru:56902/"  	[MsgId: MMSG-26659]
Action.c(18): Found resource "http://learning2.pflb.ru:56902/js/core/materialize.min.js" in HTML "http://learning2.pflb.ru:56902/"  	[MsgId: MMSG-26659]
Action.c(18): Found resource "http://learning2.pflb.ru:56902/js/core/materialize-select.js" in HTML "http://learning2.pflb.ru:56902/"  	[MsgId: MMSG-26659]
Action.c(18): Found resource "http://learning2.pflb.ru:56902/js/core/materialize-pagination.js" in HTML "http://learning2.pflb.ru:56902/"  	[MsgId: MMSG-26659]
Action.c(18): Found resource "http://learning2.pflb.ru:56902/js/core/polyphills.js" in HTML "http://learning2.pflb.ru:56902/"  	[MsgId: MMSG-26659]
Action.c(18): Found resource "http://learning2.pflb.ru:56902/js/core/helpers.js" in HTML "http://learning2.pflb.ru:56902/"  	[MsgId: MMSG-26659]
Action.c(18): Found resource "http://learning2.pflb.ru:56902/js/index.js" in HTML "http://learning2.pflb.ru:56902/"  	[MsgId: MMSG-26659]
Action.c(18): Found resource "http://learning2.pflb.ru:56902/js/core/materialTable.js" in HTML "http://learning2.pflb.ru:56902/"  	[MsgId: MMSG-26659]
Action.c(18): Downloading resource "http://learning2.pflb.ru:56902/js/core/jqueryformplugin.js?_=1574684061114" (specified by argument number 10)  	[MsgId: MMSG-26577]
Action.c(18): web_url("Homepage") was successful, 1087571 body bytes, 5600 header bytes  	[MsgId: MMSG-26386]
Action.c(30): web_add_header("A-IM") started  	[MsgId: MMSG-26355]
Action.c(30): web_add_header("A-IM") was successful  	[MsgId: MMSG-26392]
Action.c(34): web_add_header("Upgrade-Insecure-Requests") started  	[MsgId: MMSG-26355]
Action.c(34): web_add_header("Upgrade-Insecure-Requests") was successful  	[MsgId: MMSG-26392]
Action.c(37): web_url("login") started  	[MsgId: MMSG-26355]
Action.c(37): Resource "http://learning2.pflb.ru:56902/css/core/material_icons.css" is in the cache already and will not be downloaded again  	[MsgId: MMSG-26655]
Action.c(37): Found resource "http://learning2.pflb.ru:56902/css/core/materialize.css" in HTML "http://learning2.pflb.ru:56902/login"  	[MsgId: MMSG-26659]
Action.c(37): Resource "http://learning2.pflb.ru:56902/css/style.css" is in the cache already and will not be downloaded again  	[MsgId: MMSG-26655]
Action.c(37): Resource "http://learning2.pflb.ru:56902/js/core/legacy.js" is in the cache already and will not be downloaded again  	[MsgId: MMSG-26655]
Action.c(37): Resource "http://learning2.pflb.ru:56902/js/core/jquery-3.1.1.js" is in the cache already and will not be downloaded again  	[MsgId: MMSG-26655]
Action.c(37): Resource "http://learning2.pflb.ru:56902/js/core/dust.js" is in the cache already and will not be downloaded again  	[MsgId: MMSG-26655]
Action.c(37): Resource "http://learning2.pflb.ru:56902/js/core/jquery.cookie.js" is in the cache already and will not be downloaded again  	[MsgId: MMSG-26655]
Action.c(37): Found resource "http://learning2.pflb.ru:56902/js/core/materialize.js" in HTML "http://learning2.pflb.ru:56902/login"  	[MsgId: MMSG-26659]
Action.c(37): Found resource "http://learning2.pflb.ru:56902/js/page/authorisation.js" in HTML "http://learning2.pflb.ru:56902/login"  	[MsgId: MMSG-26659]
Action.c(37): web_url("login") was successful, 528866 body bytes, 973 header bytes  	[MsgId: MMSG-26386]
Action.c(47): Notify: Transaction "UC1_TR1_LOGIN" started.
Action.c(49): web_add_header("Origin") started  	[MsgId: MMSG-26355]
Action.c(49): web_add_header("Origin") was successful  	[MsgId: MMSG-26392]
Action.c(52): web_add_header("X-Requested-With") started  	[MsgId: MMSG-26355]
Action.c(52): web_add_header("X-Requested-With") was successful  	[MsgId: MMSG-26392]
Action.c(55): Think time - Waiting 1.00 seconds (according to limit).
Action.c(55): lr_think_time: 1.00 seconds (recorded think time was 10.00 seconds).
Action.c(57): web_submit_data("/api/login") started  	[MsgId: MMSG-26355]
Action.c(57): web_submit_data("/api/login") was successful, 146 body bytes, 339 header bytes  	[MsgId: MMSG-26386]
Action.c(70): web_add_cookie started  	[MsgId: MMSG-26355]
Action.c(70): web_add_cookie was successful  	[MsgId: MMSG-26392]
Action.c(72): web_add_cookie started  	[MsgId: MMSG-26355]
Action.c(72): web_add_cookie was successful  	[MsgId: MMSG-26392]
Action.c(74): web_add_cookie started  	[MsgId: MMSG-26355]
Action.c(74): web_add_cookie was successful  	[MsgId: MMSG-26392]
Action.c(76): web_add_header("Upgrade-Insecure-Requests") started  	[MsgId: MMSG-26355]
Action.c(76): web_add_header("Upgrade-Insecure-Requests") was successful  	[MsgId: MMSG-26392]
Action.c(79): web_add_cookie started  	[MsgId: MMSG-26355]
Action.c(79): web_add_cookie was successful  	[MsgId: MMSG-26392]
Action.c(83): web_url("Homepage_2") started  	[MsgId: MMSG-26355]
Action.c(83): Retrieving data from cache for "http://learning2.pflb.ru:56902/"  	[MsgId: MMSG-26558]
Action.c(83): Resource "http://learning2.pflb.ru:56902/css/core/material_icons.css" is in the cache already and will not be downloaded again  	[MsgId: MMSG-26655]
Action.c(83): Resource "http://learning2.pflb.ru:56902/css/core/materialize.min.css" is in the cache already and will not be downloaded again  	[MsgId: MMSG-26655]
Action.c(83): Resource "http://learning2.pflb.ru:56902/css/core/uploadfile.css" is in the cache already and will not be downloaded again  	[MsgId: MMSG-26655]
Action.c(83): Resource "http://learning2.pflb.ru:56902/css/core/quill.snow.css" is in the cache already and will not be downloaded again  	[MsgId: MMSG-26655]
Action.c(83): Resource "http://learning2.pflb.ru:56902/css/core/select2.min.css" is in the cache already and will not be downloaded again  	[MsgId: MMSG-26655]
Action.c(83): Resource "http://learning2.pflb.ru:56902/css/core/ee-file-upload.css" is in the cache already and will not be downloaded again  	[MsgId: MMSG-26655]
Action.c(83): Resource "http://learning2.pflb.ru:56902/css/style.css" is in the cache already and will not be downloaded again  	[MsgId: MMSG-26655]
Action.c(83): Resource "http://learning2.pflb.ru:56902/css/company_2.css" is in the cache already and will not be downloaded again  	[MsgId: MMSG-26655]
Action.c(83): Resource "http://learning2.pflb.ru:56902/js/core/legacy.js" is in the cache already and will not be downloaded again  	[MsgId: MMSG-26655]
Action.c(83): Resource "http://learning2.pflb.ru:56902/js/core/jquery-3.1.1.js" is in the cache already and will not be downloaded again  	[MsgId: MMSG-26655]
Action.c(83): Resource "http://learning2.pflb.ru:56902/js/core/clamp.js" is in the cache already and will not be downloaded again  	[MsgId: MMSG-26655]
Action.c(83): Resource "http://learning2.pflb.ru:56902/js/core/jquery.cookie.js" is in the cache already and will not be downloaded again  	[MsgId: MMSG-26655]
Action.c(83): Resource "http://learning2.pflb.ru:56902/js/core/jquery.uploadfile.js" is in the cache already and will not be downloaded again  	[MsgId: MMSG-26655]
Action.c(83): Resource "http://learning2.pflb.ru:56902/js/core/jquery.maskedinput.js" is in the cache already and will not be downloaded again  	[MsgId: MMSG-26655]
Action.c(83): Resource "http://learning2.pflb.ru:56902/js/core/jquery.ee.router.js" is in the cache already and will not be downloaded again  	[MsgId: MMSG-26655]
Action.c(83): Resource "http://learning2.pflb.ru:56902/js/core/select2.full.min.js" is in the cache already and will not be downloaded again  	[MsgId: MMSG-26655]
Action.c(83): Resource "http://learning2.pflb.ru:56902/js/core/readmore.min.js" is in the cache already and will not be downloaded again  	[MsgId: MMSG-26655]
Action.c(83): Resource "http://learning2.pflb.ru:56902/js/core/dust.js" is in the cache already and will not be downloaded again  	[MsgId: MMSG-26655]
Action.c(83): Resource "http://learning2.pflb.ru:56902/js/core/dust-helpers.js" is in the cache already and will not be downloaded again  	[MsgId: MMSG-26655]
Action.c(83): Resource "http://learning2.pflb.ru:56902/js/core/custom-helpers.js" is in the cache already and will not be downloaded again  	[MsgId: MMSG-26655]
Action.c(83): Resource "http://learning2.pflb.ru:56902/js/core/materialize.min.js" is in the cache already and will not be downloaded again  	[MsgId: MMSG-26655]
Action.c(83): Resource "http://learning2.pflb.ru:56902/js/core/materialize-select.js" is in the cache already and will not be downloaded again  	[MsgId: MMSG-26655]
Action.c(83): Resource "http://learning2.pflb.ru:56902/js/core/materialize-pagination.js" is in the cache already and will not be downloaded again  	[MsgId: MMSG-26655]
Action.c(83): Resource "http://learning2.pflb.ru:56902/js/core/polyphills.js" is in the cache already and will not be downloaded again  	[MsgId: MMSG-26655]
Action.c(83): Resource "http://learning2.pflb.ru:56902/js/core/helpers.js" is in the cache already and will not be downloaded again  	[MsgId: MMSG-26655]
Action.c(83): Resource "http://learning2.pflb.ru:56902/js/index.js" is in the cache already and will not be downloaded again  	[MsgId: MMSG-26655]
Action.c(83): Resource "http://learning2.pflb.ru:56902/js/core/materialTable.js" is in the cache already and will not be downloaded again  	[MsgId: MMSG-26655]
Action.c(83): web_url("Homepage_2") was successful, 0 body bytes, 0 header bytes  	[MsgId: MMSG-26386]
Action.c(92): web_add_auto_header("X-Requested-With") started  	[MsgId: MMSG-26355]
Action.c(92): web_add_auto_header("X-Requested-With") was successful  	[MsgId: MMSG-26392]
Action.c(95): web_url("/api/checkLogin") started  	[MsgId: MMSG-26355]
Action.c(95): web_url("/api/checkLogin") was successful, 92 body bytes, 316 header bytes, 11 chunking overhead bytes  	[MsgId: MMSG-26385]
Action.c(105): web_url("/api/user/info") started  	[MsgId: MMSG-26355]
Action.c(105): web_url("/api/user/info") was successful, 277 body bytes, 316 header bytes, 12 chunking overhead bytes  	[MsgId: MMSG-26385]
Action.c(115): web_url("/api/ticket/countByState/4") started  	[MsgId: MMSG-26355]
Action.c(115): web_url("/api/ticket/countByState/4") was successful, 52 body bytes, 316 header bytes, 11 chunking overhead bytes  	[MsgId: MMSG-26385]
Action.c(125): web_url("/api/ticket/countByState/") started  	[MsgId: MMSG-26355]
Action.c(125): web_url("/api/ticket/countByState/") was successful, 218 body bytes, 316 header bytes, 11 chunking overhead bytes  	[MsgId: MMSG-26385]
Action.c(135): web_custom_request("/api/ticket/?state=-1,0,1,5&page=0&size=10") started  	[MsgId: MMSG-26355]
Action.c(135): web_custom_request("/api/ticket/?state=-1,0,1,5&page=0&size=10") was successful, 11551 body bytes, 316 header bytes, 20 chunking overhead bytes  	[MsgId: MMSG-26385]
Action.c(147): Notify: Transaction "UC1_TR1_LOGIN" ended with a "Pass" status (Duration: 3.0262 Think Time: 0.9999 Wasted Time: 0.1457).
Action.c(149): Notify: Transaction "UC1_TR2_NEWINC" started.
Action.c(151): web_url("/api/user/catalog/node/0/children/") started  	[MsgId: MMSG-26355]
Action.c(151): web_url("/api/user/catalog/node/0/children/") was successful, 907 body bytes, 316 header bytes, 12 chunking overhead bytes  	[MsgId: MMSG-26385]
Action.c(161): Notify: Transaction "UC1_TR2_NEWINC" ended with a "Pass" status (Duration: 0.1409 Wasted Time: 0.0238).
Action.c(163): Think time - Waiting 1.00 seconds (according to limit).
Action.c(163): lr_think_time: 1.00 seconds (recorded think time was 10.00 seconds).
Action.c(165): Notify: Transaction "UC1_TR3_LOCATION" started.
Action.c(167): web_reg_save_param_json started  	[MsgId: MMSG-26355]
Action.c(167): Registering web_reg_save_param_json was successful  	[MsgId: MMSG-26390]
Action.c(175): web_url("/api/shops?q=&page=0") started  	[MsgId: MMSG-26355]
Action.c(175): web_url("/api/shops?q=&page=0") was successful, 1015 body bytes, 316 header bytes, 12 chunking overhead bytes  	[MsgId: MMSG-26385]
Action.c(185): web_url("/api/user/catalog/node/0/children/") started  	[MsgId: MMSG-26355]
Action.c(185): web_url("/api/user/catalog/node/0/children/") was successful, 907 body bytes, 316 header bytes, 12 chunking overhead bytes  	[MsgId: MMSG-26385]
Action.c(197): web_reg_save_param_json started  	[MsgId: MMSG-26355]
Action.c(197): Registering web_reg_save_param_json was successful  	[MsgId: MMSG-26390]
Action.c(205): web_reg_save_param_json started  	[MsgId: MMSG-26355]
Action.c(205): Registering web_reg_save_param_json was successful  	[MsgId: MMSG-26390]
Action.c(213): web_url("/api/user/catalog/treeview?shopid={shopid}") started  	[MsgId: MMSG-26355]
Action.c(213): web_url("/api/user/catalog/treeview?shopid={shopid}") was successful, 75659 body bytes, 316 header bytes, 84 chunking overhead bytes  	[MsgId: MMSG-26385]
Action.c(223): Notify: Transaction "UC1_TR3_LOCATION" ended with a "Pass" status (Duration: 0.5408 Wasted Time: 0.0888).
Action.c(238): Notify: Transaction "UC1_TR4_QUESTION" started.
Action.c(240): web_url("/api/user/catalog/node/191/children/") started  	[MsgId: MMSG-26355]
Action.c(240): web_url("/api/user/catalog/node/191/children/") was successful, 2 body bytes, 316 header bytes, 10 chunking overhead bytes  	[MsgId: MMSG-26385]
Action.c(250): web_url("/api/user/catalog/node/191/service/") started  	[MsgId: MMSG-26355]
Action.c(250): web_url("/api/user/catalog/node/191/service/") was successful, 970 body bytes, 316 header bytes, 12 chunking overhead bytes  	[MsgId: MMSG-26385]
Action.c(260): web_url("/api/user/catalog/breadcrumbs/191") started  	[MsgId: MMSG-26355]
Action.c(260): web_url("/api/user/catalog/breadcrumbs/191") was successful, 230 body bytes, 316 header bytes, 11 chunking overhead bytes  	[MsgId: MMSG-26385]
Action.c(270): web_reg_save_param_json started  	[MsgId: MMSG-26355]
Action.c(270): Registering web_reg_save_param_json was successful  	[MsgId: MMSG-26390]
Action.c(277): web_url("/api/inventoryNumbers?serviceId={serviceID}&shopId={shopid}") started  	[MsgId: MMSG-26355]
Action.c(277): web_url("/api/inventoryNumbers?serviceId={serviceID}&shopId={shopid}") was successful, 114 body bytes, 316 header bytes, 11 chunking overhead bytes  	[MsgId: MMSG-26385]
Action.c(287): Notify: Transaction "UC1_TR4_QUESTION" ended with a "Pass" status (Duration: 0.5150 Wasted Time: 0.0921).
Action.c(289): Think time - Waiting 1.00 seconds (according to limit).
Action.c(289): lr_think_time: 1.00 seconds (recorded think time was 10.00 seconds).
Action.c(291): Notify: Transaction "UC1_TR5_INVNUMBER" started.
Action.c(312): web_url("/api/inventoryNumbers?shopId={shopid}&serviceId={serviceID}&serviceId={serviceID}&q=&page=0") started  	[MsgId: MMSG-26355]
Action.c(312): web_url("/api/inventoryNumbers?shopId={shopid}&serviceId={serviceID}&serviceId={serviceID}&q=&page=0") was successful, 114 body bytes, 316 header bytes, 11 chunking overhead bytes  	[MsgId: MMSG-26385]
Action.c(322): Notify: Transaction "UC1_TR5_INVNUMBER" ended with a "Pass" status (Duration: 0.1641 Wasted Time: 0.0244).
Action.c(324): Notify: Transaction "UC1_TR6_ADDFILE" started.
Action.c(326): web_add_auto_header("Origin") started  	[MsgId: MMSG-26355]
Action.c(326): web_add_auto_header("Origin") was successful  	[MsgId: MMSG-26392]
Action.c(329): Think time - Waiting 1.00 seconds (according to limit).
Action.c(329): lr_think_time: 1.00 seconds (recorded think time was 10.00 seconds).
Action.c(331): web_reg_save_param_json started  	[MsgId: MMSG-26355]
Action.c(331): Registering web_reg_save_param_json was successful  	[MsgId: MMSG-26390]
Action.c(338): web_submit_data("file") started  	[MsgId: MMSG-26355]
Action.c(338): web_submit_data("file") was successful, 1789691 body bytes, 316 header bytes, 1756 chunking overhead bytes  	[MsgId: MMSG-26385]
Action.c(351): Notify: Transaction "UC1_TR6_ADDFILE" ended with a "Pass" status (Duration: 1.6449 Think Time: 1.0009 Wasted Time: 0.2241).
Action.c(353): Think time - Waiting 1.00 seconds (according to limit).
Action.c(353): lr_think_time: 1.00 seconds (recorded think time was 10.00 seconds).
Action.c(357): Notify: Transaction "UC1_TR7_CREATE" started.
Action.c(359): web_custom_request("/api/ticket/") started  	[MsgId: MMSG-26355]
Action.c(359): web_custom_request("/api/ticket/") was successful, 1229 body bytes, 316 header bytes, 12 chunking overhead bytes  	[MsgId: MMSG-26385]
Action.c(376): Notify: Transaction "UC1_TR7_CREATE" ended with a "Pass" status (Duration: 87.1973 Wasted Time: 0.0230).
Action.c(378): Notify: Transaction "UC1_TR8_OKBUTTON" started.
Action.c(380): web_remove_auto_header("Origin") started  	[MsgId: MMSG-26355]
Action.c(380): Previous automatically added web header for "Origin" removed  	[MsgId: MMSG-26587]
Action.c(380): web_remove/revert_auto_header("Origin") was successful  	[MsgId: MMSG-26392]
Action.c(382): web_remove_auto_header("X-Requested-With") started  	[MsgId: MMSG-26355]
Action.c(382): Previous automatically added web header for "X-Requested-With" removed  	[MsgId: MMSG-26587]
Action.c(382): web_remove/revert_auto_header("X-Requested-With") was successful  	[MsgId: MMSG-26392]
Action.c(384): web_add_header("Upgrade-Insecure-Requests") started  	[MsgId: MMSG-26355]
Action.c(384): web_add_header("Upgrade-Insecure-Requests") was successful  	[MsgId: MMSG-26392]
Action.c(387): Think time - Waiting 1.00 seconds (according to limit).
Action.c(387): lr_think_time: 1.00 seconds (recorded think time was 10.00 seconds).
Action.c(389): web_url("{URL}:{port}_3") started  	[MsgId: MMSG-26355]
Action.c(389): Retrieving data from cache for "http://learning2.pflb.ru:56902/"  	[MsgId: MMSG-26558]
Action.c(389): Resource "http://learning2.pflb.ru:56902/css/core/material_icons.css" is in the cache already and will not be downloaded again  	[MsgId: MMSG-26655]
Action.c(389): Resource "http://learning2.pflb.ru:56902/css/core/materialize.min.css" is in the cache already and will not be downloaded again  	[MsgId: MMSG-26655]
Action.c(389): Resource "http://learning2.pflb.ru:56902/css/core/uploadfile.css" is in the cache already and will not be downloaded again  	[MsgId: MMSG-26655]
Action.c(389): Resource "http://learning2.pflb.ru:56902/css/core/quill.snow.css" is in the cache already and will not be downloaded again  	[MsgId: MMSG-26655]
Action.c(389): Resource "http://learning2.pflb.ru:56902/css/core/select2.min.css" is in the cache already and will not be downloaded again  	[MsgId: MMSG-26655]
Action.c(389): Resource "http://learning2.pflb.ru:56902/css/core/ee-file-upload.css" is in the cache already and will not be downloaded again  	[MsgId: MMSG-26655]
Action.c(389): Resource "http://learning2.pflb.ru:56902/css/style.css" is in the cache already and will not be downloaded again  	[MsgId: MMSG-26655]
Action.c(389): Resource "http://learning2.pflb.ru:56902/css/company_2.css" is in the cache already and will not be downloaded again  	[MsgId: MMSG-26655]
Action.c(389): Resource "http://learning2.pflb.ru:56902/js/core/legacy.js" is in the cache already and will not be downloaded again  	[MsgId: MMSG-26655]
Action.c(389): Resource "http://learning2.pflb.ru:56902/js/core/jquery-3.1.1.js" is in the cache already and will not be downloaded again  	[MsgId: MMSG-26655]
Action.c(389): Resource "http://learning2.pflb.ru:56902/js/core/clamp.js" is in the cache already and will not be downloaded again  	[MsgId: MMSG-26655]
Action.c(389): Resource "http://learning2.pflb.ru:56902/js/core/jquery.cookie.js" is in the cache already and will not be downloaded again  	[MsgId: MMSG-26655]
Action.c(389): Resource "http://learning2.pflb.ru:56902/js/core/jquery.uploadfile.js" is in the cache already and will not be downloaded again  	[MsgId: MMSG-26655]
Action.c(389): Resource "http://learning2.pflb.ru:56902/js/core/jquery.maskedinput.js" is in the cache already and will not be downloaded again  	[MsgId: MMSG-26655]
Action.c(389): Resource "http://learning2.pflb.ru:56902/js/core/jquery.ee.router.js" is in the cache already and will not be downloaded again  	[MsgId: MMSG-26655]
Action.c(389): Resource "http://learning2.pflb.ru:56902/js/core/select2.full.min.js" is in the cache already and will not be downloaded again  	[MsgId: MMSG-26655]
Action.c(389): Resource "http://learning2.pflb.ru:56902/js/core/readmore.min.js" is in the cache already and will not be downloaded again  	[MsgId: MMSG-26655]
Action.c(389): Resource "http://learning2.pflb.ru:56902/js/core/dust.js" is in the cache already and will not be downloaded again  	[MsgId: MMSG-26655]
Action.c(389): Resource "http://learning2.pflb.ru:56902/js/core/dust-helpers.js" is in the cache already and will not be downloaded again  	[MsgId: MMSG-26655]
Action.c(389): Resource "http://learning2.pflb.ru:56902/js/core/custom-helpers.js" is in the cache already and will not be downloaded again  	[MsgId: MMSG-26655]
Action.c(389): Resource "http://learning2.pflb.ru:56902/js/core/materialize.min.js" is in the cache already and will not be downloaded again  	[MsgId: MMSG-26655]
Action.c(389): Resource "http://learning2.pflb.ru:56902/js/core/materialize-select.js" is in the cache already and will not be downloaded again  	[MsgId: MMSG-26655]
Action.c(389): Resource "http://learning2.pflb.ru:56902/js/core/materialize-pagination.js" is in the cache already and will not be downloaded again  	[MsgId: MMSG-26655]
Action.c(389): Resource "http://learning2.pflb.ru:56902/js/core/polyphills.js" is in the cache already and will not be downloaded again  	[MsgId: MMSG-26655]
Action.c(389): Resource "http://learning2.pflb.ru:56902/js/core/helpers.js" is in the cache already and will not be downloaded again  	[MsgId: MMSG-26655]
Action.c(389): Resource "http://learning2.pflb.ru:56902/js/index.js" is in the cache already and will not be downloaded again  	[MsgId: MMSG-26655]
Action.c(389): Resource "http://learning2.pflb.ru:56902/js/core/materialTable.js" is in the cache already and will not be downloaded again  	[MsgId: MMSG-26655]
Action.c(389): web_url("{URL}:{port}_3") was successful, 0 body bytes, 0 header bytes  	[MsgId: MMSG-26386]
Action.c(398): web_add_auto_header("X-Requested-With") started  	[MsgId: MMSG-26355]
Action.c(398): web_add_auto_header("X-Requested-With") was successful  	[MsgId: MMSG-26392]
Action.c(401): web_url("/api/checkLogin") started  	[MsgId: MMSG-26355]
Action.c(401): web_url("/api/checkLogin") was successful, 92 body bytes, 316 header bytes, 11 chunking overhead bytes  	[MsgId: MMSG-26385]
Action.c(411): web_url("/api/user/info") started  	[MsgId: MMSG-26355]
Action.c(411): web_url("/api/user/info") was successful, 277 body bytes, 316 header bytes, 12 chunking overhead bytes  	[MsgId: MMSG-26385]
Action.c(421): web_url("/api/ticket/countByState/4") started  	[MsgId: MMSG-26355]
Action.c(421): web_url("/api/ticket/countByState/4") was successful, 52 body bytes, 316 header bytes, 11 chunking overhead bytes  	[MsgId: MMSG-26385]
Action.c(431): web_url("/api/ticket/countByState/") started  	[MsgId: MMSG-26355]
Action.c(431): web_url("/api/ticket/countByState/") was successful, 218 body bytes, 316 header bytes, 11 chunking overhead bytes  	[MsgId: MMSG-26385]
Action.c(441): Notify: Transaction "UC1_TR8_OKBUTTON" ended with a "Pass" status (Duration: 4.0115 Think Time: 1.0010 Wasted Time: 0.0905).
Action.c(443): Think time - Waiting 1.00 seconds (according to limit).
Action.c(443): lr_think_time: 1.00 seconds (recorded think time was 10.00 seconds).
Action.c(445): Notify: Transaction "UC1_TR9_LOGOUT" started.
Action.c(447): web_url("/api/logout") started  	[MsgId: MMSG-26355]
Action.c(447): web_url("/api/logout") was successful, 0 body bytes, 421 header bytes  	[MsgId: MMSG-26386]
Action.c(456): web_remove_auto_header("X-Requested-With") started  	[MsgId: MMSG-26355]
Action.c(456): Previous automatically added web header for "X-Requested-With" removed  	[MsgId: MMSG-26587]
Action.c(456): web_remove/revert_auto_header("X-Requested-With") was successful  	[MsgId: MMSG-26392]
Action.c(458): web_add_header("Upgrade-Insecure-Requests") started  	[MsgId: MMSG-26355]
Action.c(458): web_add_header("Upgrade-Insecure-Requests") was successful  	[MsgId: MMSG-26392]
Action.c(461): web_url("/login") started  	[MsgId: MMSG-26355]
Action.c(461): Resource "http://learning2.pflb.ru:56902/css/core/material_icons.css" is in the cache already and will not be downloaded again  	[MsgId: MMSG-26655]
Action.c(461): Resource "http://learning2.pflb.ru:56902/css/core/materialize.css" is in the cache already and will not be downloaded again  	[MsgId: MMSG-26655]
Action.c(461): Resource "http://learning2.pflb.ru:56902/css/style.css" is in the cache already and will not be downloaded again  	[MsgId: MMSG-26655]
Action.c(461): Resource "http://learning2.pflb.ru:56902/js/core/legacy.js" is in the cache already and will not be downloaded again  	[MsgId: MMSG-26655]
Action.c(461): Resource "http://learning2.pflb.ru:56902/js/core/jquery-3.1.1.js" is in the cache already and will not be downloaded again  	[MsgId: MMSG-26655]
Action.c(461): Resource "http://learning2.pflb.ru:56902/js/core/dust.js" is in the cache already and will not be downloaded again  	[MsgId: MMSG-26655]
Action.c(461): Resource "http://learning2.pflb.ru:56902/js/core/jquery.cookie.js" is in the cache already and will not be downloaded again  	[MsgId: MMSG-26655]
Action.c(461): Resource "http://learning2.pflb.ru:56902/js/core/materialize.js" is in the cache already and will not be downloaded again  	[MsgId: MMSG-26655]
Action.c(461): Resource "http://learning2.pflb.ru:56902/js/page/authorisation.js" is in the cache already and will not be downloaded again  	[MsgId: MMSG-26655]
Action.c(461): web_url("/login") was successful, 873 body bytes, 395 header bytes  	[MsgId: MMSG-26386]
Action.c(471): Notify: Transaction "UC1_TR9_LOGOUT" ended with a "Pass" status (Duration: 0.6156 Wasted Time: 0.0435).
Ending action Action.
Ending iteration 1.
Ending Vuser...
Starting action vuser_end.
Ending action vuser_end.
Vuser Terminated.
